Using pre-set license
Built from '2020.3/release' branch; Version is '2020.3.2f1 (8fd9074bf66c) revision 9427207'; Using compiler version '192528614'; Build Type 'Release'
OS: 'Windows 10 Home; OS build 19042.867; Version 2009; 64bit' Language: 'en' Physical Memory: 16307 MB
BatchMode: 1, IsHumanControllingUs: 0, StartBugReporterOnCrash: 0, Is64bit: 1, IsPro: 0

 COMMAND LINE ARGUMENTS:
C:\Program Files\Unity\Hub\Editor\2020.3.2f1\Editor\Unity.exe
-adb2
-batchMode
-noUpm
-name
AssetImportWorker1
-projectPath
C:/Users/mihai/Desktop/FantasyRPG
-logFile
Logs/AssetImportWorker1.log
-srvPort
54227
Successfully changed project path to: C:/Users/mihai/Desktop/FantasyRPG
C:/Users/mihai/Desktop/FantasyRPG
Using Asset Import Pipeline V2.
Refreshing native plugins compatible for Editor in 31.20 ms, found 1 plugins.
Preloading 0 native plugins for Editor in 0.00 ms.
Initialize engine version: 2020.3.2f1 (8fd9074bf66c)
[Subsystems] Discovering subsystems at path C:/Program Files/Unity/Hub/Editor/2020.3.2f1/Editor/Data/Resources/UnitySubsystems
[Subsystems] Discovering subsystems at path C:/Users/mihai/Desktop/FantasyRPG/Assets
GfxDevice: creating device client; threaded=0
Direct3D:
    Version:  Direct3D 11.0 [level 11.1]
    Renderer: NVIDIA GeForce GTX 1060 6GB (ID=0x1c03)
    Vendor:   
    VRAM:     6052 MB
    Driver:   27.21.14.6611
Initialize mono
Mono path[0] = 'C:/Program Files/Unity/Hub/Editor/2020.3.2f1/Editor/Data/Managed'
Mono path[1] = 'C:/Program Files/Unity/Hub/Editor/2020.3.2f1/Editor/Data/MonoBleedingEdge/lib/mono/unityjit'
Mono config path = 'C:/Program Files/Unity/Hub/Editor/2020.3.2f1/Editor/Data/MonoBleedingEdge/etc'
Using monoOptions --debugger-agent=transport=dt_socket,embedding=1,server=y,suspend=n,address=127.0.0.1:56720
Begin MonoManager ReloadAssembly
Registering precompiled unity dll's ...
Register platform support module: C:/Program Files/Unity/Hub/Editor/2020.3.2f1/Editor/Data/PlaybackEngines/WindowsStandaloneSupport/UnityEditor.WindowsStandalone.Extensions.dll
Registered in 0.001709 seconds.
Native extension for WindowsStandalone target not found
Refreshing native plugins compatible for Editor in 30.86 ms, found 1 plugins.
Preloading 0 native plugins for Editor in 0.00 ms.
Invoked RoslynAnalysisRunner static constructor.
RoslynAnalysisRunner will not be running.
RoslynAnalysisRunner has terminated.
Mono: successfully reloaded assembly
- Completed reload, in  7.095 seconds
Platform modules already initialized, skipping
Registering precompiled user dll's ...
Registered in 0.000897 seconds.
Begin MonoManager ReloadAssembly
Native extension for WindowsStandalone target not found
Refreshing native plugins compatible for Editor in 30.38 ms, found 1 plugins.
Preloading 0 native plugins for Editor in 0.00 ms.
Invoked RoslynAnalysisRunner static constructor.
RoslynAnalysisRunner will not be running.
RoslynAnalysisRunner has terminated.
Mono: successfully reloaded assembly
- Completed reload, in  0.825 seconds
Platform modules already initialized, skipping
========================================================================
Worker process is ready to serve import requests
Launched and connected shader compiler UnityShaderCompiler.exe after 0.10 seconds
Refreshing native plugins compatible for Editor in 0.30 ms, found 1 plugins.
Preloading 0 native plugins for Editor in 0.00 ms.
Unloading 1808 Unused Serialized files (Serialized files now loaded: 0)
System memory in use before: 84.9 MB.
System memory in use after: 84.9 MB.

Unloading 24 unused Assets to reduce memory usage. Loaded Objects now: 2251.
Total: 2.590500 ms (FindLiveObjects: 0.567500 ms CreateObjectMapping: 0.163800 ms MarkObjects: 1.723100 ms  DeleteObjects: 0.133300 ms)

========================================================================
Received Import Request.
  path: Assets/TilePalletes
  artifactKey: Guid(335eab15d71a2104b813de86da703125) Importer(815301076,1909f56bfc062723c751e8b465ee728b)
Start importing Assets/TilePalletes using Guid(335eab15d71a2104b813de86da703125) Importer(815301076,1909f56bfc062723c751e8b465ee728b)  -> (artifact id: 'c377f6f1761b660833d01b17b2472ad2') in 0.008479 seconds
  Import took 0.012145 seconds .

========================================================================
Received Prepare
Registering precompiled user dll's ...
Registered in 0.000880 seconds.
Begin MonoManager ReloadAssembly
Native extension for WindowsStandalone target not found
Refreshing native plugins compatible for Editor in 0.47 ms, found 1 plugins.
Preloading 0 native plugins for Editor in 0.00 ms.
Invoked RoslynAnalysisRunner static constructor.
RoslynAnalysisRunner will not be running.
RoslynAnalysisRunner has terminated.
Mono: successfully reloaded assembly
- Completed reload, in  0.825 seconds
Platform modules already initialized, skipping
Refreshing native plugins compatible for Editor in 0.44 ms, found 1 plugins.
Preloading 0 native plugins for Editor in 0.00 ms.
Unloading 1807 Unused Serialized files (Serialized files now loaded: 0)
System memory in use before: 85.0 MB.
System memory in use after: 85.0 MB.

Unloading 12 unused Assets to reduce memory usage. Loaded Objects now: 2259.
Total: 2.382400 ms (FindLiveObjects: 0.422900 ms CreateObjectMapping: 0.127300 ms MarkObjects: 1.724800 ms  DeleteObjects: 0.105300 ms)

========================================================================
Received Prepare
Registering precompiled user dll's ...
Registered in 0.001226 seconds.
Begin MonoManager ReloadAssembly
Native extension for WindowsStandalone target not found
Refreshing native plugins compatible for Editor in 0.42 ms, found 1 plugins.
Preloading 0 native plugins for Editor in 0.00 ms.
Invoked RoslynAnalysisRunner static constructor.
RoslynAnalysisRunner will not be running.
RoslynAnalysisRunner has terminated.
Mono: successfully reloaded assembly
- Completed reload, in  0.853 seconds
Platform modules already initialized, skipping
Refreshing native plugins compatible for Editor in 0.43 ms, found 1 plugins.
Preloading 0 native plugins for Editor in 0.00 ms.
Unloading 1807 Unused Serialized files (Serialized files now loaded: 0)
System memory in use before: 85.0 MB.
System memory in use after: 85.0 MB.

Unloading 12 unused Assets to reduce memory usage. Loaded Objects now: 2263.
Total: 2.206800 ms (FindLiveObjects: 0.196200 ms CreateObjectMapping: 0.071400 ms MarkObjects: 1.828900 ms  DeleteObjects: 0.108300 ms)

========================================================================
Received Import Request.
  Time since last request: 138.847182 seconds.
  path: Assets/TilePalletes/Ground.prefab
  artifactKey: Guid(34361b43db5e1a54982bbc2d6e6ed1fe) Importer(815301076,1909f56bfc062723c751e8b465ee728b)
Start importing Assets/TilePalletes/Ground.prefab using Guid(34361b43db5e1a54982bbc2d6e6ed1fe) Importer(815301076,1909f56bfc062723c751e8b465ee728b)  -> (artifact id: '338b5e7f024f58e84a5d845730af87d7') in 0.052755 seconds
  Import took 0.056593 seconds .

========================================================================
Received Import Request.
  Time since last request: 0.000297 seconds.
  path: Assets/TilePalletes/Overworld_8.asset
  artifactKey: Guid(b08d7989c8ca61f4c80da96b8ecb8b72) Importer(815301076,1909f56bfc062723c751e8b465ee728b)
Start importing Assets/TilePalletes/Overworld_8.asset using Guid(b08d7989c8ca61f4c80da96b8ecb8b72) Importer(815301076,1909f56bfc062723c751e8b465ee728b)  -> (artifact id: '91609a445a3759387db7d05ac474df00') in 0.091139 seconds
  Import took 0.094120 seconds .

========================================================================
Received Import Request.
  Time since last request: 0.000236 seconds.
  path: Assets/TilePalletes/Overworld_12.asset
  artifactKey: Guid(671a4038b24d1c645a173f27ecb46087) Importer(815301076,1909f56bfc062723c751e8b465ee728b)
Start importing Assets/TilePalletes/Overworld_12.asset using Guid(671a4038b24d1c645a173f27ecb46087) Importer(815301076,1909f56bfc062723c751e8b465ee728b)  -> (artifact id: 'c90add610836d4ef0fe53d0e46143e6f') in 0.014117 seconds
  Import took 0.018628 seconds .

========================================================================
Received Import Request.
  Time since last request: 0.000251 seconds.
  path: Assets/TilePalletes/Overworld_14.asset
  artifactKey: Guid(cb88d53a6842dae4c87588c75b0af2e4) Importer(815301076,1909f56bfc062723c751e8b465ee728b)
Start importing Assets/TilePalletes/Overworld_14.asset using Guid(cb88d53a6842dae4c87588c75b0af2e4) Importer(815301076,1909f56bfc062723c751e8b465ee728b)  -> (artifact id: '15d5e2e4cad13c60b963fe7dc5f6ac28') in 0.015289 seconds
  Import took 0.018468 seconds .

========================================================================
Received Import Request.
  Time since last request: 0.000267 seconds.
  path: Assets/TilePalletes/Overworld_9.asset
  artifactKey: Guid(872028bcc1cfa2049b96572128b4057e) Importer(815301076,1909f56bfc062723c751e8b465ee728b)
Start importing Assets/TilePalletes/Overworld_9.asset using Guid(872028bcc1cfa2049b96572128b4057e) Importer(815301076,1909f56bfc062723c751e8b465ee728b)  -> (artifact id: 'ec612719c04cb2c56a1484e3678de14a') in 0.015849 seconds
  Import took 0.019072 seconds .

========================================================================
Received Import Request.
  Time since last request: 0.000218 seconds.
  path: Assets/TilePalletes/Overworld_16.asset
  artifactKey: Guid(60370f4fb3eb9914bb2aeae060a6bf66) Importer(815301076,1909f56bfc062723c751e8b465ee728b)
Start importing Assets/TilePalletes/Overworld_16.asset using Guid(60370f4fb3eb9914bb2aeae060a6bf66) Importer(815301076,1909f56bfc062723c751e8b465ee728b)  -> (artifact id: '1c83df7e0b44cefd81c3bc19cb808249') in 0.022524 seconds
  Import took 0.027314 seconds .

========================================================================
Received Import Request.
  Time since last request: 0.000285 seconds.
  path: Assets/TilePalletes/Overworld_7.asset
  artifactKey: Guid(ced6cae16f5501646b9ea4db56fed312) Importer(815301076,1909f56bfc062723c751e8b465ee728b)
Start importing Assets/TilePalletes/Overworld_7.asset using Guid(ced6cae16f5501646b9ea4db56fed312) Importer(815301076,1909f56bfc062723c751e8b465ee728b)  -> (artifact id: '7614dbddaa661192213fd631fd0060d1') in 0.020237 seconds
  Import took 0.024303 seconds .

========================================================================
Received Import Request.
  Time since last request: 0.000743 seconds.
  path: Assets/TilePalletes/Overworld_17.asset
  artifactKey: Guid(a850bd6d7ec3a3345a9481e22e19114a) Importer(815301076,1909f56bfc062723c751e8b465ee728b)
Start importing Assets/TilePalletes/Overworld_17.asset using Guid(a850bd6d7ec3a3345a9481e22e19114a) Importer(815301076,1909f56bfc062723c751e8b465ee728b)  -> (artifact id: 'c3113cf5393809ed2bfc23caab80e155') in 0.029113 seconds
  Import took 0.035322 seconds .

========================================================================
Received Import Request.
  Time since last request: 0.000290 seconds.
  path: Assets/TilePalletes/Overworld_11.asset
  artifactKey: Guid(bd5b2c6b3c430554ba9034e21fb9eb3a) Importer(815301076,1909f56bfc062723c751e8b465ee728b)
Start importing Assets/TilePalletes/Overworld_11.asset using Guid(bd5b2c6b3c430554ba9034e21fb9eb3a) Importer(815301076,1909f56bfc062723c751e8b465ee728b)  -> (artifact id: 'c20419ac997740aaa95399e3c4683d04') in 0.012805 seconds
  Import took 0.015922 seconds .

========================================================================
Received Import Request.
  Time since last request: 0.000237 seconds.
  path: Assets/TilePalletes/Overworld_6.asset
  artifactKey: Guid(eeb7f87a3f3e6624ca21a68f59682724) Importer(815301076,1909f56bfc062723c751e8b465ee728b)
Start importing Assets/TilePalletes/Overworld_6.asset using Guid(eeb7f87a3f3e6624ca21a68f59682724) Importer(815301076,1909f56bfc062723c751e8b465ee728b)  -> (artifact id: '7b0ab5df9156e2d20e62a0b430f05c7c') in 0.017729 seconds
  Import took 0.022180 seconds .

========================================================================
Received Import Request.
  Time since last request: 0.000235 seconds.
  path: Assets/TilePalletes/Overworld_2.asset
  artifactKey: Guid(5a74ad21974c29a4e85727a45eb2edb3) Importer(815301076,1909f56bfc062723c751e8b465ee728b)
Start importing Assets/TilePalletes/Overworld_2.asset using Guid(5a74ad21974c29a4e85727a45eb2edb3) Importer(815301076,1909f56bfc062723c751e8b465ee728b)  -> (artifact id: '0149e634ed51fe106c890f14267263d1') in 0.014534 seconds
  Import took 0.017974 seconds .

========================================================================
Received Import Request.
  Time since last request: 0.000207 seconds.
  path: Assets/TilePalletes/Overworld_3.asset
  artifactKey: Guid(1dd395fa0720f0e488ea7f5d981c7244) Importer(815301076,1909f56bfc062723c751e8b465ee728b)
Start importing Assets/TilePalletes/Overworld_3.asset using Guid(1dd395fa0720f0e488ea7f5d981c7244) Importer(815301076,1909f56bfc062723c751e8b465ee728b)  -> (artifact id: '9ff69d6adf158e9d961138f34a837f75') in 0.014058 seconds
  Import took 0.017155 seconds .

========================================================================
Received Import Request.
  Time since last request: 0.000210 seconds.
  path: Assets/TilePalletes/Overworld_13.asset
  artifactKey: Guid(4fcac445f0829ea439bb7027dc0e7d2e) Importer(815301076,1909f56bfc062723c751e8b465ee728b)
Start importing Assets/TilePalletes/Overworld_13.asset using Guid(4fcac445f0829ea439bb7027dc0e7d2e) Importer(815301076,1909f56bfc062723c751e8b465ee728b)  -> (artifact id: 'a908aa17d1d91654f5bc6f33a055359b') in 0.010299 seconds
  Import took 0.013234 seconds .

========================================================================
Received Import Request.
  Time since last request: 0.000203 seconds.
  path: Assets/TilePalletes/Overworld_5.asset
  artifactKey: Guid(68b101fa8a0957b4eb3a8e7d0392c53c) Importer(815301076,1909f56bfc062723c751e8b465ee728b)
Start importing Assets/TilePalletes/Overworld_5.asset using Guid(68b101fa8a0957b4eb3a8e7d0392c53c) Importer(815301076,1909f56bfc062723c751e8b465ee728b)  -> (artifact id: '458072e562219eb855930e09ea775ced') in 0.010393 seconds
  Import took 0.013496 seconds .

========================================================================
Received Import Request.
  Time since last request: 0.000202 seconds.
  path: Assets/TilePalletes/Overworld_1.asset
  artifactKey: Guid(22b6f70f23f552444a6a282b33cd22a6) Importer(815301076,1909f56bfc062723c751e8b465ee728b)
Start importing Assets/TilePalletes/Overworld_1.asset using Guid(22b6f70f23f552444a6a282b33cd22a6) Importer(815301076,1909f56bfc062723c751e8b465ee728b)  -> (artifact id: 'ffcdf50fb7167d25f801dfb81f33425d') in 0.011750 seconds
  Import took 0.015340 seconds .

========================================================================
Received Import Request.
  Time since last request: 0.000222 seconds.
  path: Assets/TilePalletes/Overworld_18.asset
  artifactKey: Guid(a2965997a6661e145917f71f1539bbbc) Importer(815301076,1909f56bfc062723c751e8b465ee728b)
Start importing Assets/TilePalletes/Overworld_18.asset using Guid(a2965997a6661e145917f71f1539bbbc) Importer(815301076,1909f56bfc062723c751e8b465ee728b)  -> (artifact id: 'cc671b872fbfa8a0d72a5f228b46ae74') in 0.012138 seconds
  Import took 0.015077 seconds .

========================================================================
Received Import Request.
  Time since last request: 0.000204 seconds.
  path: Assets/TilePalletes/Overworld_19.asset
  artifactKey: Guid(232ad8622e5e245449ab28e431673cf1) Importer(815301076,1909f56bfc062723c751e8b465ee728b)
Start importing Assets/TilePalletes/Overworld_19.asset using Guid(232ad8622e5e245449ab28e431673cf1) Importer(815301076,1909f56bfc062723c751e8b465ee728b)  -> (artifact id: 'e32d68db353c69a3644c614c45581e33') in 0.013079 seconds
  Import took 0.016313 seconds .

========================================================================
Received Import Request.
  Time since last request: 0.000226 seconds.
  path: Assets/TilePalletes/Overworld_10.asset
  artifactKey: Guid(c1aa01d0271183947bf64bcea3f785e8) Importer(815301076,1909f56bfc062723c751e8b465ee728b)
Start importing Assets/TilePalletes/Overworld_10.asset using Guid(c1aa01d0271183947bf64bcea3f785e8) Importer(815301076,1909f56bfc062723c751e8b465ee728b)  -> (artifact id: '2b16d596bfc833c5bb0fd5bf8f46f5a1') in 0.012414 seconds
  Import took 0.015804 seconds .

========================================================================
Received Import Request.
  Time since last request: 0.000197 seconds.
  path: Assets/TilePalletes/Overworld_0.asset
  artifactKey: Guid(ebc152e8e9b54ad4cb1cff12cf379f0d) Importer(815301076,1909f56bfc062723c751e8b465ee728b)
Start importing Assets/TilePalletes/Overworld_0.asset using Guid(ebc152e8e9b54ad4cb1cff12cf379f0d) Importer(815301076,1909f56bfc062723c751e8b465ee728b)  -> (artifact id: '85598a0328d79dbeddf7c587e1835cd9') in 0.011943 seconds
  Import took 0.014546 seconds .

========================================================================
Received Import Request.
  Time since last request: 0.000215 seconds.
  path: Assets/TilePalletes/Overworld_4.asset
  artifactKey: Guid(12fca0184e460904f824106c59d10060) Importer(815301076,1909f56bfc062723c751e8b465ee728b)
Start importing Assets/TilePalletes/Overworld_4.asset using Guid(12fca0184e460904f824106c59d10060) Importer(815301076,1909f56bfc062723c751e8b465ee728b)  -> (artifact id: '5f755df221d95cd389d1ff338f9d1b39') in 0.013426 seconds
  Import took 0.017039 seconds .

========================================================================
Received Import Request.
  Time since last request: 0.000213 seconds.
  path: Assets/TilePalletes/Overworld_20.asset
  artifactKey: Guid(01501641de4971d41ab0e021194d484c) Importer(815301076,1909f56bfc062723c751e8b465ee728b)
Start importing Assets/TilePalletes/Overworld_20.asset using Guid(01501641de4971d41ab0e021194d484c) Importer(815301076,1909f56bfc062723c751e8b465ee728b)  -> (artifact id: 'fbd529972413bd7a222444ea3249de78') in 0.012493 seconds
  Import took 0.015433 seconds .

========================================================================
Received Import Request.
  Time since last request: 0.000282 seconds.
  path: Assets/TilePalletes/Overworld_15.asset
  artifactKey: Guid(8836242e169027a4095fe62e72f59b95) Importer(815301076,1909f56bfc062723c751e8b465ee728b)
Start importing Assets/TilePalletes/Overworld_15.asset using Guid(8836242e169027a4095fe62e72f59b95) Importer(815301076,1909f56bfc062723c751e8b465ee728b)  -> (artifact id: 'ac43c38f9b6dc6f5b8298b56448750d6') in 0.010701 seconds
  Import took 0.015244 seconds .

========================================================================
Received Import Request.
  Time since last request: 47.874345 seconds.
  path: Assets/Tilemaps
  artifactKey: Guid(42e0577c8eeae124b847f4bc82a540ae) Importer(815301076,1909f56bfc062723c751e8b465ee728b)
Start importing Assets/Tilemaps using Guid(42e0577c8eeae124b847f4bc82a540ae) Importer(815301076,1909f56bfc062723c751e8b465ee728b)  -> (artifact id: 'ee7790a232a5f521de18d59828e4ffc3') in 0.006812 seconds
  Import took 0.010017 seconds .

========================================================================
Received Prepare
Registering precompiled user dll's ...
Registered in 0.001065 seconds.
Begin MonoManager ReloadAssembly
Native extension for WindowsStandalone target not found
Refreshing native plugins compatible for Editor in 0.41 ms, found 1 plugins.
Preloading 0 native plugins for Editor in 0.00 ms.
Invoked RoslynAnalysisRunner static constructor.
RoslynAnalysisRunner will not be running.
RoslynAnalysisRunner has terminated.
Mono: successfully reloaded assembly
- Completed reload, in  0.850 seconds
Platform modules already initialized, skipping
Refreshing native plugins compatible for Editor in 0.46 ms, found 1 plugins.
Preloading 0 native plugins for Editor in 0.00 ms.
Unloading 1807 Unused Serialized files (Serialized files now loaded: 0)
System memory in use before: 88.7 MB.
System memory in use after: 88.7 MB.

Unloading 12 unused Assets to reduce memory usage. Loaded Objects now: 2271.
Total: 2.186600 ms (FindLiveObjects: 0.358300 ms CreateObjectMapping: 0.068900 ms MarkObjects: 1.674600 ms  DeleteObjects: 0.083700 ms)

========================================================================
Received Prepare
Registering precompiled user dll's ...
Registered in 0.000957 seconds.
Begin MonoManager ReloadAssembly
Native extension for WindowsStandalone target not found
Refreshing native plugins compatible for Editor in 0.47 ms, found 1 plugins.
Preloading 0 native plugins for Editor in 0.00 ms.
Invoked RoslynAnalysisRunner static constructor.
RoslynAnalysisRunner will not be running.
RoslynAnalysisRunner has terminated.
Mono: successfully reloaded assembly
- Completed reload, in  0.818 seconds
Platform modules already initialized, skipping
Refreshing native plugins compatible for Editor in 0.44 ms, found 1 plugins.
Preloading 0 native plugins for Editor in 0.00 ms.
Unloading 1807 Unused Serialized files (Serialized files now loaded: 0)
System memory in use before: 88.7 MB.
System memory in use after: 88.7 MB.

Unloading 12 unused Assets to reduce memory usage. Loaded Objects now: 2275.
Total: 2.734100 ms (FindLiveObjects: 0.668700 ms CreateObjectMapping: 0.217300 ms MarkObjects: 1.738300 ms  DeleteObjects: 0.107400 ms)

========================================================================
Received Prepare
Registering precompiled user dll's ...
Registered in 0.000985 seconds.
Begin MonoManager ReloadAssembly
Native extension for WindowsStandalone target not found
Refreshing native plugins compatible for Editor in 0.46 ms, found 1 plugins.
Preloading 0 native plugins for Editor in 0.00 ms.
Invoked RoslynAnalysisRunner static constructor.
RoslynAnalysisRunner will not be running.
RoslynAnalysisRunner has terminated.
Mono: successfully reloaded assembly
- Completed reload, in  0.818 seconds
Platform modules already initialized, skipping
Refreshing native plugins compatible for Editor in 0.42 ms, found 1 plugins.
Preloading 0 native plugins for Editor in 0.00 ms.
Unloading 1807 Unused Serialized files (Serialized files now loaded: 0)
System memory in use before: 88.7 MB.
System memory in use after: 88.7 MB.

Unloading 12 unused Assets to reduce memory usage. Loaded Objects now: 2279.
Total: 1.886000 ms (FindLiveObjects: 0.189100 ms CreateObjectMapping: 0.070300 ms MarkObjects: 1.534800 ms  DeleteObjects: 0.090500 ms)

========================================================================
Received Prepare
Registering precompiled user dll's ...
Registered in 0.000965 seconds.
Begin MonoManager ReloadAssembly
Native extension for WindowsStandalone target not found
Refreshing native plugins compatible for Editor in 0.44 ms, found 1 plugins.
Preloading 0 native plugins for Editor in 0.00 ms.
Invoked RoslynAnalysisRunner static constructor.
RoslynAnalysisRunner will not be running.
RoslynAnalysisRunner has terminated.
Mono: successfully reloaded assembly
- Completed reload, in  0.879 seconds
Platform modules already initialized, skipping
Refreshing native plugins compatible for Editor in 0.69 ms, found 1 plugins.
Preloading 0 native plugins for Editor in 0.00 ms.
Unloading 1807 Unused Serialized files (Serialized files now loaded: 0)
System memory in use before: 88.7 MB.
System memory in use after: 88.7 MB.

Unloading 12 unused Assets to reduce memory usage. Loaded Objects now: 2283.
Total: 2.168700 ms (FindLiveObjects: 0.206000 ms CreateObjectMapping: 0.093300 ms MarkObjects: 1.755700 ms  DeleteObjects: 0.112400 ms)

========================================================================
Received Import Request.
  Time since last request: 1550.493043 seconds.
  path: Assets/Sprites/objects.png
  artifactKey: Guid(693b72eab44c5b3419ea12620766aa48) Importer(815301076,1909f56bfc062723c751e8b465ee728b)
Start importing Assets/Sprites/objects.png using Guid(693b72eab44c5b3419ea12620766aa48) Importer(815301076,1909f56bfc062723c751e8b465ee728b)  -> (artifact id: '458bd8b4988d94bf5676e4ab5d3a6204') in 0.255067 seconds
  Import took 0.259202 seconds .

========================================================================
Received Import Request.
  Time since last request: 2507.343185 seconds.
  path: Assets/Animations/Objects
  artifactKey: Guid(5ea0ef29c6eb10847b93451bdb7f3e34) Importer(815301076,1909f56bfc062723c751e8b465ee728b)
Start importing Assets/Animations/Objects using Guid(5ea0ef29c6eb10847b93451bdb7f3e34) Importer(815301076,1909f56bfc062723c751e8b465ee728b)  -> (artifact id: '139df80c9941904d5bbb2836847159e3') in 0.007325 seconds
  Import took 0.010664 seconds .

========================================================================
Received Import Request.
  Time since last request: 1.343927 seconds.
  path: Assets/Animations/Objects/pot-break.anim
  artifactKey: Guid(0b36180d9b7abe749adb3d770451f1da) Importer(815301076,1909f56bfc062723c751e8b465ee728b)
Start importing Assets/Animations/Objects/pot-break.anim using Guid(0b36180d9b7abe749adb3d770451f1da) Importer(815301076,1909f56bfc062723c751e8b465ee728b)  -> (artifact id: '9d27192b3393c82494835bfe5150bb32') in 0.010024 seconds
  Import took 0.013413 seconds .

========================================================================
Received Import Request.
  Time since last request: 17.473377 seconds.
  path: Assets/Animations/Objects/Pot.controller
  artifactKey: Guid(d064c02cbfb702f4c9b369c03d211101) Importer(815301076,1909f56bfc062723c751e8b465ee728b)
Start importing Assets/Animations/Objects/Pot.controller using Guid(d064c02cbfb702f4c9b369c03d211101) Importer(815301076,1909f56bfc062723c751e8b465ee728b)  -> (artifact id: '0e2e95f5f471f062ac371a5022c1d88f') in 0.009312 seconds
  Import took 0.012470 seconds .

========================================================================
Received Import Request.
  Time since last request: 71.454851 seconds.
  path: Assets/Scripts/Pot.cs
  artifactKey: Guid(969947080db36434dab774375fe1c917) Importer(815301076,1909f56bfc062723c751e8b465ee728b)
Start importing Assets/Scripts/Pot.cs using Guid(969947080db36434dab774375fe1c917) Importer(815301076,1909f56bfc062723c751e8b465ee728b)  -> (artifact id: 'cb074377f8cc226d259c7139215485a1') in 0.015300 seconds
  Import took 0.018756 seconds .

========================================================================
Received Prepare
Registering precompiled user dll's ...
Registered in 0.001030 seconds.
Begin MonoManager ReloadAssembly
Native extension for WindowsStandalone target not found
Refreshing native plugins compatible for Editor in 0.40 ms, found 1 plugins.
Preloading 0 native plugins for Editor in 0.00 ms.
Invoked RoslynAnalysisRunner static constructor.
RoslynAnalysisRunner will not be running.
RoslynAnalysisRunner has terminated.
Mono: successfully reloaded assembly
- Completed reload, in  0.754 seconds
Platform modules already initialized, skipping
Refreshing native plugins compatible for Editor in 0.41 ms, found 1 plugins.
Preloading 0 native plugins for Editor in 0.00 ms.
Unloading 1808 Unused Serialized files (Serialized files now loaded: 0)
System memory in use before: 89.0 MB.
System memory in use after: 89.0 MB.

Unloading 12 unused Assets to reduce memory usage. Loaded Objects now: 2432.
Total: 2.632500 ms (FindLiveObjects: 0.513100 ms CreateObjectMapping: 0.155400 ms MarkObjects: 1.848000 ms  DeleteObjects: 0.114000 ms)

========================================================================
Received Prepare
Registering precompiled user dll's ...
Registered in 0.001011 seconds.
Begin MonoManager ReloadAssembly
Native extension for WindowsStandalone target not found
Refreshing native plugins compatible for Editor in 0.40 ms, found 1 plugins.
Preloading 0 native plugins for Editor in 0.00 ms.
Invoked RoslynAnalysisRunner static constructor.
RoslynAnalysisRunner will not be running.
RoslynAnalysisRunner has terminated.
Mono: successfully reloaded assembly
- Completed reload, in  0.744 seconds
Platform modules already initialized, skipping
Refreshing native plugins compatible for Editor in 0.41 ms, found 1 plugins.
Preloading 0 native plugins for Editor in 0.00 ms.
Unloading 1808 Unused Serialized files (Serialized files now loaded: 0)
System memory in use before: 89.0 MB.
System memory in use after: 89.0 MB.

Unloading 12 unused Assets to reduce memory usage. Loaded Objects now: 2436.
Total: 2.252300 ms (FindLiveObjects: 0.274700 ms CreateObjectMapping: 0.103300 ms MarkObjects: 1.780000 ms  DeleteObjects: 0.093300 ms)

========================================================================
Received Import Request.
  Time since last request: 83.483321 seconds.
  path: Assets/Scripts/Pot.cs
  artifactKey: Guid(969947080db36434dab774375fe1c917) Importer(815301076,1909f56bfc062723c751e8b465ee728b)
Start importing Assets/Scripts/Pot.cs using Guid(969947080db36434dab774375fe1c917) Importer(815301076,1909f56bfc062723c751e8b465ee728b)  -> (artifact id: 'b8f0b6c2ebdb899d4a8925aaad47ee8b') in 0.017136 seconds
  Import took 0.026311 seconds .

========================================================================
Received Import Request.
  Time since last request: 11.287356 seconds.
  path: Assets/Scripts/PlayerHit.cs
  artifactKey: Guid(f4078c965b74435478b34003f04fa3b4) Importer(815301076,1909f56bfc062723c751e8b465ee728b)
Start importing Assets/Scripts/PlayerHit.cs using Guid(f4078c965b74435478b34003f04fa3b4) Importer(815301076,1909f56bfc062723c751e8b465ee728b)  -> (artifact id: 'd5f6056f657234e38256a3086bb6042d') in 0.008318 seconds
  Import took 0.010979 seconds .

========================================================================
Received Prepare
Registering precompiled user dll's ...
Registered in 0.000931 seconds.
Begin MonoManager ReloadAssembly
Native extension for WindowsStandalone target not found
Refreshing native plugins compatible for Editor in 0.55 ms, found 1 plugins.
Preloading 0 native plugins for Editor in 0.00 ms.
Invoked RoslynAnalysisRunner static constructor.
RoslynAnalysisRunner will not be running.
RoslynAnalysisRunner has terminated.
Mono: successfully reloaded assembly
- Completed reload, in  1.002 seconds
Platform modules already initialized, skipping
Refreshing native plugins compatible for Editor in 0.40 ms, found 1 plugins.
Preloading 0 native plugins for Editor in 0.00 ms.
Unloading 1809 Unused Serialized files (Serialized files now loaded: 0)
System memory in use before: 89.1 MB.
System memory in use after: 89.0 MB.

Unloading 12 unused Assets to reduce memory usage. Loaded Objects now: 2441.
Total: 1.889400 ms (FindLiveObjects: 0.238700 ms CreateObjectMapping: 0.087300 ms MarkObjects: 1.463700 ms  DeleteObjects: 0.098600 ms)

========================================================================
Received Prepare
Registering precompiled user dll's ...
Registered in 0.001190 seconds.
Begin MonoManager ReloadAssembly
Native extension for WindowsStandalone target not found
Refreshing native plugins compatible for Editor in 0.46 ms, found 1 plugins.
Preloading 0 native plugins for Editor in 0.00 ms.
Invoked RoslynAnalysisRunner static constructor.
RoslynAnalysisRunner will not be running.
RoslynAnalysisRunner has terminated.
Mono: successfully reloaded assembly
- Completed reload, in  0.770 seconds
Platform modules already initialized, skipping
Refreshing native plugins compatible for Editor in 0.41 ms, found 1 plugins.
Preloading 0 native plugins for Editor in 0.00 ms.
Unloading 1809 Unused Serialized files (Serialized files now loaded: 0)
System memory in use before: 89.1 MB.
System memory in use after: 89.1 MB.

Unloading 12 unused Assets to reduce memory usage. Loaded Objects now: 2445.
Total: 2.098200 ms (FindLiveObjects: 0.244500 ms CreateObjectMapping: 0.089600 ms MarkObjects: 1.667200 ms  DeleteObjects: 0.095800 ms)

========================================================================
Received Import Request.
  Time since last request: 103.576734 seconds.
  path: Assets/Scripts/PlayerHit.cs
  artifactKey: Guid(f4078c965b74435478b34003f04fa3b4) Importer(815301076,1909f56bfc062723c751e8b465ee728b)
Start importing Assets/Scripts/PlayerHit.cs using Guid(f4078c965b74435478b34003f04fa3b4) Importer(815301076,1909f56bfc062723c751e8b465ee728b)  -> (artifact id: '265d5fff45a3f94f8b6320e64ccd1d66') in 0.004276 seconds
  Import took 0.007649 seconds .

========================================================================
Received Prepare
Registering precompiled user dll's ...
Registered in 0.000899 seconds.
Begin MonoManager ReloadAssembly
Native extension for WindowsStandalone target not found
Refreshing native plugins compatible for Editor in 0.40 ms, found 1 plugins.
Preloading 0 native plugins for Editor in 0.00 ms.
Invoked RoslynAnalysisRunner static constructor.
RoslynAnalysisRunner will not be running.
RoslynAnalysisRunner has terminated.
Mono: successfully reloaded assembly
- Completed reload, in  0.767 seconds
Platform modules already initialized, skipping
Refreshing native plugins compatible for Editor in 0.76 ms, found 1 plugins.
Preloading 0 native plugins for Editor in 0.00 ms.
Unloading 1809 Unused Serialized files (Serialized files now loaded: 0)
System memory in use before: 89.1 MB.
System memory in use after: 89.1 MB.

Unloading 12 unused Assets to reduce memory usage. Loaded Objects now: 2449.
Total: 4.447900 ms (FindLiveObjects: 0.341500 ms CreateObjectMapping: 0.168100 ms MarkObjects: 3.728600 ms  DeleteObjects: 0.207600 ms)

========================================================================
Received Prepare
Registering precompiled user dll's ...
Registered in 0.001139 seconds.
Begin MonoManager ReloadAssembly
Native extension for WindowsStandalone target not found
Refreshing native plugins compatible for Editor in 0.43 ms, found 1 plugins.
Preloading 0 native plugins for Editor in 0.00 ms.
Invoked RoslynAnalysisRunner static constructor.
RoslynAnalysisRunner will not be running.
RoslynAnalysisRunner has terminated.
Mono: successfully reloaded assembly
- Completed reload, in  0.750 seconds
Platform modules already initialized, skipping
Refreshing native plugins compatible for Editor in 0.44 ms, found 1 plugins.
Preloading 0 native plugins for Editor in 0.00 ms.
Unloading 1809 Unused Serialized files (Serialized files now loaded: 0)
System memory in use before: 89.1 MB.
System memory in use after: 89.1 MB.

Unloading 12 unused Assets to reduce memory usage. Loaded Objects now: 2453.
Total: 2.126000 ms (FindLiveObjects: 0.178900 ms CreateObjectMapping: 0.058600 ms MarkObjects: 1.792700 ms  DeleteObjects: 0.094800 ms)

========================================================================
Received Prepare
Registering precompiled user dll's ...
Registered in 0.000888 seconds.
Begin MonoManager ReloadAssembly
Native extension for WindowsStandalone target not found
Refreshing native plugins compatible for Editor in 0.41 ms, found 1 plugins.
Preloading 0 native plugins for Editor in 0.00 ms.
Invoked RoslynAnalysisRunner static constructor.
RoslynAnalysisRunner will not be running.
RoslynAnalysisRunner has terminated.
Mono: successfully reloaded assembly
- Completed reload, in  0.726 seconds
Platform modules already initialized, skipping
Refreshing native plugins compatible for Editor in 0.42 ms, found 1 plugins.
Preloading 0 native plugins for Editor in 0.00 ms.
Unloading 1809 Unused Serialized files (Serialized files now loaded: 0)
System memory in use before: 89.1 MB.
System memory in use after: 89.1 MB.

Unloading 12 unused Assets to reduce memory usage. Loaded Objects now: 2457.
Total: 2.496600 ms (FindLiveObjects: 0.485000 ms CreateObjectMapping: 0.218400 ms MarkObjects: 1.676500 ms  DeleteObjects: 0.115000 ms)

========================================================================
Received Prepare
Registering precompiled user dll's ...
Registered in 0.000967 seconds.
Begin MonoManager ReloadAssembly
Native extension for WindowsStandalone target not found
Refreshing native plugins compatible for Editor in 0.40 ms, found 1 plugins.
Preloading 0 native plugins for Editor in 0.00 ms.
Invoked RoslynAnalysisRunner static constructor.
RoslynAnalysisRunner will not be running.
RoslynAnalysisRunner has terminated.
Mono: successfully reloaded assembly
- Completed reload, in  0.746 seconds
Platform modules already initialized, skipping
Refreshing native plugins compatible for Editor in 0.39 ms, found 1 plugins.
Preloading 0 native plugins for Editor in 0.00 ms.
Unloading 1809 Unused Serialized files (Serialized files now loaded: 0)
System memory in use before: 89.1 MB.
System memory in use after: 89.1 MB.

Unloading 12 unused Assets to reduce memory usage. Loaded Objects now: 2461.
Total: 5.875900 ms (FindLiveObjects: 0.693200 ms CreateObjectMapping: 0.275600 ms MarkObjects: 4.658200 ms  DeleteObjects: 0.245900 ms)

========================================================================
Received Prepare
Registering precompiled user dll's ...
Registered in 0.001087 seconds.
Begin MonoManager ReloadAssembly
Native extension for WindowsStandalone target not found
Refreshing native plugins compatible for Editor in 0.40 ms, found 1 plugins.
Preloading 0 native plugins for Editor in 0.00 ms.
Invoked RoslynAnalysisRunner static constructor.
RoslynAnalysisRunner will not be running.
RoslynAnalysisRunner has terminated.
Mono: successfully reloaded assembly
- Completed reload, in  0.731 seconds
Platform modules already initialized, skipping
Refreshing native plugins compatible for Editor in 0.50 ms, found 1 plugins.
Preloading 0 native plugins for Editor in 0.00 ms.
Unloading 1809 Unused Serialized files (Serialized files now loaded: 0)
System memory in use before: 89.1 MB.
System memory in use after: 89.1 MB.

Unloading 12 unused Assets to reduce memory usage. Loaded Objects now: 2465.
Total: 2.186100 ms (FindLiveObjects: 0.295200 ms CreateObjectMapping: 0.085800 ms MarkObjects: 1.690200 ms  DeleteObjects: 0.113700 ms)

========================================================================
Received Prepare
Registering precompiled user dll's ...
Registered in 0.000948 seconds.
Begin MonoManager ReloadAssembly
Native extension for WindowsStandalone target not found
Refreshing native plugins compatible for Editor in 0.41 ms, found 1 plugins.
Preloading 0 native plugins for Editor in 0.00 ms.
Invoked RoslynAnalysisRunner static constructor.
RoslynAnalysisRunner will not be running.
RoslynAnalysisRunner has terminated.
Mono: successfully reloaded assembly
- Completed reload, in  0.745 seconds
Platform modules already initialized, skipping
Refreshing native plugins compatible for Editor in 0.40 ms, found 1 plugins.
Preloading 0 native plugins for Editor in 0.00 ms.
Unloading 1809 Unused Serialized files (Serialized files now loaded: 0)
System memory in use before: 89.1 MB.
System memory in use after: 89.1 MB.

Unloading 12 unused Assets to reduce memory usage. Loaded Objects now: 2469.
Total: 2.099200 ms (FindLiveObjects: 0.198500 ms CreateObjectMapping: 0.071900 ms MarkObjects: 1.734800 ms  DeleteObjects: 0.093200 ms)

========================================================================
Received Prepare
Registering precompiled user dll's ...
Registered in 0.001107 seconds.
Begin MonoManager ReloadAssembly
Native extension for WindowsStandalone target not found
Refreshing native plugins compatible for Editor in 0.49 ms, found 1 plugins.
Preloading 0 native plugins for Editor in 0.00 ms.
Invoked RoslynAnalysisRunner static constructor.
RoslynAnalysisRunner will not be running.
RoslynAnalysisRunner has terminated.
Mono: successfully reloaded assembly
- Completed reload, in  0.792 seconds
Platform modules already initialized, skipping
Refreshing native plugins compatible for Editor in 0.48 ms, found 1 plugins.
Preloading 0 native plugins for Editor in 0.00 ms.
Unloading 1809 Unused Serialized files (Serialized files now loaded: 0)
System memory in use before: 89.1 MB.
System memory in use after: 89.1 MB.

Unloading 12 unused Assets to reduce memory usage. Loaded Objects now: 2473.
Total: 2.982300 ms (FindLiveObjects: 0.589400 ms CreateObjectMapping: 0.211900 ms MarkObjects: 2.055900 ms  DeleteObjects: 0.123700 ms)

========================================================================
Received Prepare
Registering precompiled user dll's ...
Registered in 0.000866 seconds.
Begin MonoManager ReloadAssembly
Native extension for WindowsStandalone target not found
Refreshing native plugins compatible for Editor in 0.47 ms, found 1 plugins.
Preloading 0 native plugins for Editor in 0.00 ms.
Invoked RoslynAnalysisRunner static constructor.
RoslynAnalysisRunner will not be running.
RoslynAnalysisRunner has terminated.
Mono: successfully reloaded assembly
- Completed reload, in  0.721 seconds
Platform modules already initialized, skipping
Refreshing native plugins compatible for Editor in 0.41 ms, found 1 plugins.
Preloading 0 native plugins for Editor in 0.00 ms.
Unloading 1809 Unused Serialized files (Serialized files now loaded: 0)
System memory in use before: 89.2 MB.
System memory in use after: 89.1 MB.

Unloading 12 unused Assets to reduce memory usage. Loaded Objects now: 2477.
Total: 2.006800 ms (FindLiveObjects: 0.192900 ms CreateObjectMapping: 0.079000 ms MarkObjects: 1.634800 ms  DeleteObjects: 0.099300 ms)

========================================================================
Received Import Request.
  Time since last request: 708.772034 seconds.
  path: Assets/Sprites/log.png
  artifactKey: Guid(34e48bf3defd39c4c92a2aaf48fbadf5) Importer(815301076,1909f56bfc062723c751e8b465ee728b)
Start importing Assets/Sprites/log.png using Guid(34e48bf3defd39c4c92a2aaf48fbadf5) Importer(815301076,1909f56bfc062723c751e8b465ee728b)  -> (artifact id: 'ee1743f99136b3c967a9dc7353e8db0d') in 0.044636 seconds
  Import took 0.048110 seconds .

========================================================================
Received Import Request.
  Time since last request: 18.618316 seconds.
  path: Assets/Sprites/log.png
  artifactKey: Guid(34e48bf3defd39c4c92a2aaf48fbadf5) Importer(815301076,1909f56bfc062723c751e8b465ee728b)
Start importing Assets/Sprites/log.png using Guid(34e48bf3defd39c4c92a2aaf48fbadf5) Importer(815301076,1909f56bfc062723c751e8b465ee728b)  -> (artifact id: '10e7eb66c079dfc95c018d832a0f2daa') in 0.008845 seconds
  Import took 0.012424 seconds .

========================================================================
Received Import Request.
  Time since last request: 0.009360 seconds.
  path: Assets/Sprites/log.png
  artifactKey: Guid(34e48bf3defd39c4c92a2aaf48fbadf5) Importer(815301076,1909f56bfc062723c751e8b465ee728b)
Start importing Assets/Sprites/log.png using Guid(34e48bf3defd39c4c92a2aaf48fbadf5) Importer(815301076,1909f56bfc062723c751e8b465ee728b)  -> (artifact id: '10e7eb66c079dfc95c018d832a0f2daa') in 0.006433 seconds
  Import took 0.009999 seconds .

========================================================================
Received Import Request.
  Time since last request: 3.688232 seconds.
  path: Assets/Sprites/log.png
  artifactKey: Guid(34e48bf3defd39c4c92a2aaf48fbadf5) Importer(815301076,1909f56bfc062723c751e8b465ee728b)
Start importing Assets/Sprites/log.png using Guid(34e48bf3defd39c4c92a2aaf48fbadf5) Importer(815301076,1909f56bfc062723c751e8b465ee728b)  -> (artifact id: '0de7ff69455ef229ee7ea7011e303859') in 0.006274 seconds
  Import took 0.009214 seconds .

========================================================================
Received Import Request.
  Time since last request: 39.259198 seconds.
  path: Assets/Sprites/log.png
  artifactKey: Guid(34e48bf3defd39c4c92a2aaf48fbadf5) Importer(815301076,1909f56bfc062723c751e8b465ee728b)
Start importing Assets/Sprites/log.png using Guid(34e48bf3defd39c4c92a2aaf48fbadf5) Importer(815301076,1909f56bfc062723c751e8b465ee728b)  -> (artifact id: 'fab4e166846cc647c58d5f85062bdf40') in 0.060395 seconds
  Import took 0.063882 seconds .

========================================================================
Received Prepare
Registering precompiled user dll's ...
Registered in 0.000991 seconds.
Begin MonoManager ReloadAssembly
Native extension for WindowsStandalone target not found
Refreshing native plugins compatible for Editor in 0.43 ms, found 1 plugins.
Preloading 0 native plugins for Editor in 0.00 ms.
Invoked RoslynAnalysisRunner static constructor.
RoslynAnalysisRunner will not be running.
RoslynAnalysisRunner has terminated.
Mono: successfully reloaded assembly
- Completed reload, in  0.888 seconds
Platform modules already initialized, skipping
Refreshing native plugins compatible for Editor in 0.41 ms, found 1 plugins.
Preloading 0 native plugins for Editor in 0.00 ms.
Unloading 1809 Unused Serialized files (Serialized files now loaded: 0)
System memory in use before: 89.2 MB.
System memory in use after: 89.1 MB.

Unloading 12 unused Assets to reduce memory usage. Loaded Objects now: 2483.
Total: 1.807200 ms (FindLiveObjects: 0.204300 ms CreateObjectMapping: 0.075900 ms MarkObjects: 1.426000 ms  DeleteObjects: 0.100000 ms)

========================================================================
Received Import Request.
  Time since last request: 476.348862 seconds.
  path: Assets/Animations/Log/Log.controller
  artifactKey: Guid(7bfe8602f9bad1743ad6d26ab4330748) Importer(815301076,1909f56bfc062723c751e8b465ee728b)
Start importing Assets/Animations/Log/Log.controller using Guid(7bfe8602f9bad1743ad6d26ab4330748) Importer(815301076,1909f56bfc062723c751e8b465ee728b)  -> (artifact id: '7cbc3d88544c3b475df93cd945bc419f') in 0.019334 seconds
  Import took 0.022971 seconds .

========================================================================
Received Import Request.
  Time since last request: 82.348515 seconds.
  path: Assets/Animations/Log/logWalkUp.anim
  artifactKey: Guid(fca2eb99c3ba0b94aad8247438b4b0a4) Importer(815301076,1909f56bfc062723c751e8b465ee728b)
Start importing Assets/Animations/Log/logWalkUp.anim using Guid(fca2eb99c3ba0b94aad8247438b4b0a4) Importer(815301076,1909f56bfc062723c751e8b465ee728b)  -> (artifact id: 'e6fb86508344fcb6c2feaf9964e71cfc') in 0.009322 seconds
  Import took 0.012054 seconds .

========================================================================
Received Import Request.
  Time since last request: 1.410960 seconds.
  path: Assets/Animations/Log/logWakeUp.anim
  artifactKey: Guid(9847b8d105334af448b855be58425358) Importer(815301076,1909f56bfc062723c751e8b465ee728b)
Start importing Assets/Animations/Log/logWakeUp.anim using Guid(9847b8d105334af448b855be58425358) Importer(815301076,1909f56bfc062723c751e8b465ee728b)  -> (artifact id: '1995fa8861f5729b866f60882e7bcaf9') in 0.008827 seconds
  Import took 0.012006 seconds .

========================================================================
Received Prepare
Registering precompiled user dll's ...
Registered in 0.000956 seconds.
Begin MonoManager ReloadAssembly
Native extension for WindowsStandalone target not found
Refreshing native plugins compatible for Editor in 0.45 ms, found 1 plugins.
Preloading 0 native plugins for Editor in 0.00 ms.
Invoked RoslynAnalysisRunner static constructor.
RoslynAnalysisRunner will not be running.
RoslynAnalysisRunner has terminated.
Mono: successfully reloaded assembly
- Completed reload, in  0.741 seconds
Platform modules already initialized, skipping
Refreshing native plugins compatible for Editor in 0.48 ms, found 1 plugins.
Preloading 0 native plugins for Editor in 0.00 ms.
Unloading 1809 Unused Serialized files (Serialized files now loaded: 0)
System memory in use before: 89.2 MB.
System memory in use after: 89.2 MB.

Unloading 12 unused Assets to reduce memory usage. Loaded Objects now: 2487.
Total: 2.049500 ms (FindLiveObjects: 0.238000 ms CreateObjectMapping: 0.079500 ms MarkObjects: 1.581000 ms  DeleteObjects: 0.149600 ms)

========================================================================
Received Import Request.
  Time since last request: 123.899682 seconds.
  path: Assets/Animations/Log/Log.controller
  artifactKey: Guid(7bfe8602f9bad1743ad6d26ab4330748) Importer(815301076,1909f56bfc062723c751e8b465ee728b)
Start importing Assets/Animations/Log/Log.controller using Guid(7bfe8602f9bad1743ad6d26ab4330748) Importer(815301076,1909f56bfc062723c751e8b465ee728b)  -> (artifact id: '38feaec2d459598d441e3acdcc35e533') in 0.015385 seconds
  Import took 0.018623 seconds .

========================================================================
Received Prepare
Registering precompiled user dll's ...
Registered in 0.001112 seconds.
Begin MonoManager ReloadAssembly
Native extension for WindowsStandalone target not found
Refreshing native plugins compatible for Editor in 0.40 ms, found 1 plugins.
Preloading 0 native plugins for Editor in 0.00 ms.
Invoked RoslynAnalysisRunner static constructor.
RoslynAnalysisRunner will not be running.
RoslynAnalysisRunner has terminated.
Mono: successfully reloaded assembly
- Completed reload, in  0.792 seconds
Platform modules already initialized, skipping
Refreshing native plugins compatible for Editor in 0.41 ms, found 1 plugins.
Preloading 0 native plugins for Editor in 0.00 ms.
Unloading 1809 Unused Serialized files (Serialized files now loaded: 0)
System memory in use before: 89.2 MB.
System memory in use after: 89.2 MB.

Unloading 12 unused Assets to reduce memory usage. Loaded Objects now: 2491.
Total: 7.562600 ms (FindLiveObjects: 0.597200 ms CreateObjectMapping: 0.327900 ms MarkObjects: 6.246000 ms  DeleteObjects: 0.387400 ms)

========================================================================
Received Prepare
Registering precompiled user dll's ...
Registered in 0.000974 seconds.
Begin MonoManager ReloadAssembly
Native extension for WindowsStandalone target not found
Refreshing native plugins compatible for Editor in 0.41 ms, found 1 plugins.
Preloading 0 native plugins for Editor in 0.00 ms.
Invoked RoslynAnalysisRunner static constructor.
RoslynAnalysisRunner will not be running.
RoslynAnalysisRunner has terminated.
Mono: successfully reloaded assembly
- Completed reload, in  0.728 seconds
Platform modules already initialized, skipping
Refreshing native plugins compatible for Editor in 0.44 ms, found 1 plugins.
Preloading 0 native plugins for Editor in 0.00 ms.
Unloading 1809 Unused Serialized files (Serialized files now loaded: 0)
System memory in use before: 89.2 MB.
System memory in use after: 89.2 MB.

Unloading 12 unused Assets to reduce memory usage. Loaded Objects now: 2495.
Total: 2.126400 ms (FindLiveObjects: 0.276500 ms CreateObjectMapping: 0.087100 ms MarkObjects: 1.651400 ms  DeleteObjects: 0.110200 ms)

========================================================================
Received Prepare
Registering precompiled user dll's ...
Registered in 0.001014 seconds.
Begin MonoManager ReloadAssembly
Native extension for WindowsStandalone target not found
Refreshing native plugins compatible for Editor in 0.47 ms, found 1 plugins.
Preloading 0 native plugins for Editor in 0.00 ms.
Invoked RoslynAnalysisRunner static constructor.
RoslynAnalysisRunner will not be running.
RoslynAnalysisRunner has terminated.
Mono: successfully reloaded assembly
- Completed reload, in  0.739 seconds
Platform modules already initialized, skipping
Refreshing native plugins compatible for Editor in 0.40 ms, found 1 plugins.
Preloading 0 native plugins for Editor in 0.00 ms.
Unloading 1809 Unused Serialized files (Serialized files now loaded: 0)
System memory in use before: 89.2 MB.
System memory in use after: 89.2 MB.

Unloading 12 unused Assets to reduce memory usage. Loaded Objects now: 2499.
Total: 2.221000 ms (FindLiveObjects: 0.224400 ms CreateObjectMapping: 0.072200 ms MarkObjects: 1.823400 ms  DeleteObjects: 0.100100 ms)

========================================================================
Received Import Request.
  Time since last request: 298.752244 seconds.
  path: Assets/Scripts/EnemyAI.cs
  artifactKey: Guid(9d8b3271d1544d94ea0995e730829b39) Importer(815301076,1909f56bfc062723c751e8b465ee728b)
Start importing Assets/Scripts/EnemyAI.cs using Guid(9d8b3271d1544d94ea0995e730829b39) Importer(815301076,1909f56bfc062723c751e8b465ee728b)  -> (artifact id: '2b27684b61630f6d17df955725ccfc97') in 0.012084 seconds
  Import took 0.016085 seconds .

========================================================================
Received Prepare
Registering precompiled user dll's ...
Registered in 0.001018 seconds.
Begin MonoManager ReloadAssembly
Native extension for WindowsStandalone target not found
Refreshing native plugins compatible for Editor in 0.45 ms, found 1 plugins.
Preloading 0 native plugins for Editor in 0.00 ms.
Invoked RoslynAnalysisRunner static constructor.
RoslynAnalysisRunner will not be running.
RoslynAnalysisRunner has terminated.
Mono: successfully reloaded assembly
- Completed reload, in  0.764 seconds
Platform modules already initialized, skipping
Refreshing native plugins compatible for Editor in 0.40 ms, found 1 plugins.
Preloading 0 native plugins for Editor in 0.00 ms.
Unloading 1810 Unused Serialized files (Serialized files now loaded: 0)
System memory in use before: 89.2 MB.
System memory in use after: 89.2 MB.

Unloading 12 unused Assets to reduce memory usage. Loaded Objects now: 2504.
Total: 5.664700 ms (FindLiveObjects: 0.611700 ms CreateObjectMapping: 0.294500 ms MarkObjects: 4.539900 ms  DeleteObjects: 0.216000 ms)

========================================================================
Received Prepare
Registering precompiled user dll's ...
Registered in 0.001160 seconds.
Begin MonoManager ReloadAssembly
Native extension for WindowsStandalone target not found
Refreshing native plugins compatible for Editor in 0.41 ms, found 1 plugins.
Preloading 0 native plugins for Editor in 0.00 ms.
Invoked RoslynAnalysisRunner static constructor.
RoslynAnalysisRunner will not be running.
RoslynAnalysisRunner has terminated.
Mono: successfully reloaded assembly
- Completed reload, in  0.728 seconds
Platform modules already initialized, skipping
Refreshing native plugins compatible for Editor in 0.40 ms, found 1 plugins.
Preloading 0 native plugins for Editor in 0.00 ms.
Unloading 1810 Unused Serialized files (Serialized files now loaded: 0)
System memory in use before: 89.2 MB.
System memory in use after: 89.2 MB.

Unloading 12 unused Assets to reduce memory usage. Loaded Objects now: 2508.
Total: 2.170100 ms (FindLiveObjects: 0.176400 ms CreateObjectMapping: 0.077900 ms MarkObjects: 1.825500 ms  DeleteObjects: 0.089400 ms)

========================================================================
Received Import Request.
  Time since last request: 74.537903 seconds.
  path: Assets/Scripts/EnemyAI.cs
  artifactKey: Guid(9d8b3271d1544d94ea0995e730829b39) Importer(815301076,1909f56bfc062723c751e8b465ee728b)
Start importing Assets/Scripts/EnemyAI.cs using Guid(9d8b3271d1544d94ea0995e730829b39) Importer(815301076,1909f56bfc062723c751e8b465ee728b)  -> (artifact id: 'd3e39aa486d488bae9c9db11d44abd32') in 0.004654 seconds
  Import took 0.007670 seconds .

========================================================================
Received Import Request.
  Time since last request: 7.683647 seconds.
  path: Assets/Scripts/Log.cs
  artifactKey: Guid(93d2fee2939718743a1a4b84e2950dc6) Importer(815301076,1909f56bfc062723c751e8b465ee728b)
Start importing Assets/Scripts/Log.cs using Guid(93d2fee2939718743a1a4b84e2950dc6) Importer(815301076,1909f56bfc062723c751e8b465ee728b)  -> (artifact id: 'cef58b5522d2d5b9a4698030d5f193f4') in 0.002782 seconds
  Import took 0.005852 seconds .

========================================================================
Received Prepare
Registering precompiled user dll's ...
Registered in 0.000935 seconds.
Begin MonoManager ReloadAssembly
Native extension for WindowsStandalone target not found
Refreshing native plugins compatible for Editor in 0.72 ms, found 1 plugins.
Preloading 0 native plugins for Editor in 0.00 ms.
Invoked RoslynAnalysisRunner static constructor.
RoslynAnalysisRunner will not be running.
RoslynAnalysisRunner has terminated.
Mono: successfully reloaded assembly
- Completed reload, in  0.765 seconds
Platform modules already initialized, skipping
Refreshing native plugins compatible for Editor in 0.41 ms, found 1 plugins.
Preloading 0 native plugins for Editor in 0.00 ms.
Unloading 1811 Unused Serialized files (Serialized files now loaded: 0)
System memory in use before: 89.3 MB.
System memory in use after: 89.3 MB.

Unloading 12 unused Assets to reduce memory usage. Loaded Objects now: 2513.
Total: 2.179200 ms (FindLiveObjects: 0.377100 ms CreateObjectMapping: 0.119100 ms MarkObjects: 1.592700 ms  DeleteObjects: 0.089100 ms)

========================================================================
Received Prepare
Registering precompiled user dll's ...
Registered in 0.001057 seconds.
Begin MonoManager ReloadAssembly
Native extension for WindowsStandalone target not found
Refreshing native plugins compatible for Editor in 0.43 ms, found 1 plugins.
Preloading 0 native plugins for Editor in 0.00 ms.
Invoked RoslynAnalysisRunner static constructor.
RoslynAnalysisRunner will not be running.
RoslynAnalysisRunner has terminated.
Mono: successfully reloaded assembly
- Completed reload, in  0.730 seconds
Platform modules already initialized, skipping
Refreshing native plugins compatible for Editor in 0.40 ms, found 1 plugins.
Preloading 0 native plugins for Editor in 0.00 ms.
Unloading 1811 Unused Serialized files (Serialized files now loaded: 0)
System memory in use before: 89.3 MB.
System memory in use after: 89.3 MB.

Unloading 12 unused Assets to reduce memory usage. Loaded Objects now: 2517.
Total: 2.182500 ms (FindLiveObjects: 0.299900 ms CreateObjectMapping: 0.094400 ms MarkObjects: 1.676600 ms  DeleteObjects: 0.110300 ms)

========================================================================
Received Import Request.
  Time since last request: 29.532428 seconds.
  path: Assets/Scripts/Log.cs
  artifactKey: Guid(93d2fee2939718743a1a4b84e2950dc6) Importer(815301076,1909f56bfc062723c751e8b465ee728b)
Start importing Assets/Scripts/Log.cs using Guid(93d2fee2939718743a1a4b84e2950dc6) Importer(815301076,1909f56bfc062723c751e8b465ee728b)  -> (artifact id: '0e3a024666cc1d55aaa0e526b01e8c5d') in 0.004261 seconds
  Import took 0.006884 seconds .

========================================================================
Received Prepare
Registering precompiled user dll's ...
Registered in 0.000993 seconds.
Begin MonoManager ReloadAssembly
Native extension for WindowsStandalone target not found
Refreshing native plugins compatible for Editor in 0.42 ms, found 1 plugins.
Preloading 0 native plugins for Editor in 0.00 ms.
Invoked RoslynAnalysisRunner static constructor.
RoslynAnalysisRunner will not be running.
RoslynAnalysisRunner has terminated.
Mono: successfully reloaded assembly
- Completed reload, in  0.727 seconds
Platform modules already initialized, skipping
Refreshing native plugins compatible for Editor in 0.40 ms, found 1 plugins.
Preloading 0 native plugins for Editor in 0.00 ms.
Unloading 1811 Unused Serialized files (Serialized files now loaded: 0)
System memory in use before: 89.3 MB.
System memory in use after: 89.3 MB.

Unloading 12 unused Assets to reduce memory usage. Loaded Objects now: 2521.
Total: 2.590900 ms (FindLiveObjects: 0.450500 ms CreateObjectMapping: 0.127200 ms MarkObjects: 1.894500 ms  DeleteObjects: 0.117100 ms)

========================================================================
Received Prepare
Registering precompiled user dll's ...
Registered in 0.001110 seconds.
Begin MonoManager ReloadAssembly
Native extension for WindowsStandalone target not found
Refreshing native plugins compatible for Editor in 0.41 ms, found 1 plugins.
Preloading 0 native plugins for Editor in 0.00 ms.
Invoked RoslynAnalysisRunner static constructor.
RoslynAnalysisRunner will not be running.
RoslynAnalysisRunner has terminated.
Mono: successfully reloaded assembly
- Completed reload, in  0.729 seconds
Platform modules already initialized, skipping
Refreshing native plugins compatible for Editor in 0.41 ms, found 1 plugins.
Preloading 0 native plugins for Editor in 0.00 ms.
Unloading 1811 Unused Serialized files (Serialized files now loaded: 0)
System memory in use before: 89.3 MB.
System memory in use after: 89.3 MB.

Unloading 12 unused Assets to reduce memory usage. Loaded Objects now: 2525.
Total: 2.167300 ms (FindLiveObjects: 0.248600 ms CreateObjectMapping: 0.067300 ms MarkObjects: 1.748200 ms  DeleteObjects: 0.102400 ms)

========================================================================
Received Prepare
Registering precompiled user dll's ...
Registered in 0.001287 seconds.
Begin MonoManager ReloadAssembly
Native extension for WindowsStandalone target not found
Refreshing native plugins compatible for Editor in 0.41 ms, found 1 plugins.
Preloading 0 native plugins for Editor in 0.00 ms.
Invoked RoslynAnalysisRunner static constructor.
RoslynAnalysisRunner will not be running.
RoslynAnalysisRunner has terminated.
Mono: successfully reloaded assembly
- Completed reload, in  0.756 seconds
Platform modules already initialized, skipping
Refreshing native plugins compatible for Editor in 0.42 ms, found 1 plugins.
Preloading 0 native plugins for Editor in 0.00 ms.
Unloading 1811 Unused Serialized files (Serialized files now loaded: 0)
System memory in use before: 89.3 MB.
System memory in use after: 89.3 MB.

Unloading 12 unused Assets to reduce memory usage. Loaded Objects now: 2529.
Total: 2.309700 ms (FindLiveObjects: 0.404500 ms CreateObjectMapping: 0.143500 ms MarkObjects: 1.655300 ms  DeleteObjects: 0.105000 ms)

========================================================================
Received Prepare
Registering precompiled user dll's ...
Registered in 0.000904 seconds.
Begin MonoManager ReloadAssembly
Native extension for WindowsStandalone target not found
Refreshing native plugins compatible for Editor in 0.45 ms, found 1 plugins.
Preloading 0 native plugins for Editor in 0.00 ms.
Invoked RoslynAnalysisRunner static constructor.
RoslynAnalysisRunner will not be running.
RoslynAnalysisRunner has terminated.
Mono: successfully reloaded assembly
- Completed reload, in  0.763 seconds
Platform modules already initialized, skipping
Refreshing native plugins compatible for Editor in 0.44 ms, found 1 plugins.
Preloading 0 native plugins for Editor in 0.00 ms.
Unloading 1811 Unused Serialized files (Serialized files now loaded: 0)
System memory in use before: 89.3 MB.
System memory in use after: 89.3 MB.

Unloading 12 unused Assets to reduce memory usage. Loaded Objects now: 2533.
Total: 2.409700 ms (FindLiveObjects: 0.351300 ms CreateObjectMapping: 0.149900 ms MarkObjects: 1.792300 ms  DeleteObjects: 0.114500 ms)

========================================================================
Received Prepare
Registering precompiled user dll's ...
Registered in 0.000980 seconds.
Begin MonoManager ReloadAssembly
Native extension for WindowsStandalone target not found
Refreshing native plugins compatible for Editor in 0.42 ms, found 1 plugins.
Preloading 0 native plugins for Editor in 0.00 ms.
Invoked RoslynAnalysisRunner static constructor.
RoslynAnalysisRunner will not be running.
RoslynAnalysisRunner has terminated.
Mono: successfully reloaded assembly
- Completed reload, in  0.736 seconds
Platform modules already initialized, skipping
Refreshing native plugins compatible for Editor in 0.41 ms, found 1 plugins.
Preloading 0 native plugins for Editor in 0.00 ms.
Unloading 1811 Unused Serialized files (Serialized files now loaded: 0)
System memory in use before: 89.3 MB.
System memory in use after: 89.3 MB.

Unloading 12 unused Assets to reduce memory usage. Loaded Objects now: 2537.
Total: 2.241100 ms (FindLiveObjects: 0.203100 ms CreateObjectMapping: 0.080200 ms MarkObjects: 1.861700 ms  DeleteObjects: 0.095400 ms)

========================================================================
Received Prepare
Registering precompiled user dll's ...
Registered in 0.000989 seconds.
Begin MonoManager ReloadAssembly
Native extension for WindowsStandalone target not found
Refreshing native plugins compatible for Editor in 0.41 ms, found 1 plugins.
Preloading 0 native plugins for Editor in 0.00 ms.
Invoked RoslynAnalysisRunner static constructor.
RoslynAnalysisRunner will not be running.
RoslynAnalysisRunner has terminated.
Mono: successfully reloaded assembly
- Completed reload, in  0.723 seconds
Platform modules already initialized, skipping
Refreshing native plugins compatible for Editor in 0.41 ms, found 1 plugins.
Preloading 0 native plugins for Editor in 0.00 ms.
Unloading 1811 Unused Serialized files (Serialized files now loaded: 0)
System memory in use before: 89.4 MB.
System memory in use after: 89.3 MB.

Unloading 12 unused Assets to reduce memory usage. Loaded Objects now: 2541.
Total: 2.576400 ms (FindLiveObjects: 0.372900 ms CreateObjectMapping: 0.090100 ms MarkObjects: 1.928000 ms  DeleteObjects: 0.184100 ms)

========================================================================
Received Prepare
Registering precompiled user dll's ...
Registered in 0.000897 seconds.
Begin MonoManager ReloadAssembly
Native extension for WindowsStandalone target not found
Refreshing native plugins compatible for Editor in 0.40 ms, found 1 plugins.
Preloading 0 native plugins for Editor in 0.00 ms.
Invoked RoslynAnalysisRunner static constructor.
RoslynAnalysisRunner will not be running.
RoslynAnalysisRunner has terminated.
Mono: successfully reloaded assembly
- Completed reload, in  0.736 seconds
Platform modules already initialized, skipping
Refreshing native plugins compatible for Editor in 0.40 ms, found 1 plugins.
Preloading 0 native plugins for Editor in 0.00 ms.
Unloading 1811 Unused Serialized files (Serialized files now loaded: 0)
System memory in use before: 89.4 MB.
System memory in use after: 89.3 MB.

Unloading 12 unused Assets to reduce memory usage. Loaded Objects now: 2545.
Total: 2.308200 ms (FindLiveObjects: 0.480700 ms CreateObjectMapping: 0.127800 ms MarkObjects: 1.592600 ms  DeleteObjects: 0.105200 ms)

========================================================================
Received Prepare
Registering precompiled user dll's ...
Registered in 0.000978 seconds.
Begin MonoManager ReloadAssembly
Native extension for WindowsStandalone target not found
Refreshing native plugins compatible for Editor in 0.41 ms, found 1 plugins.
Preloading 0 native plugins for Editor in 0.00 ms.
Invoked RoslynAnalysisRunner static constructor.
RoslynAnalysisRunner will not be running.
RoslynAnalysisRunner has terminated.
Mono: successfully reloaded assembly
- Completed reload, in  0.722 seconds
Platform modules already initialized, skipping
Refreshing native plugins compatible for Editor in 0.49 ms, found 1 plugins.
Preloading 0 native plugins for Editor in 0.00 ms.
Unloading 1811 Unused Serialized files (Serialized files now loaded: 0)
System memory in use before: 89.4 MB.
System memory in use after: 89.4 MB.

Unloading 12 unused Assets to reduce memory usage. Loaded Objects now: 2549.
Total: 6.444700 ms (FindLiveObjects: 0.613500 ms CreateObjectMapping: 0.264800 ms MarkObjects: 5.312400 ms  DeleteObjects: 0.251300 ms)

========================================================================
Received Prepare
Registering precompiled user dll's ...
Registered in 0.000955 seconds.
Begin MonoManager ReloadAssembly
Native extension for WindowsStandalone target not found
Refreshing native plugins compatible for Editor in 0.44 ms, found 1 plugins.
Preloading 0 native plugins for Editor in 0.00 ms.
Invoked RoslynAnalysisRunner static constructor.
RoslynAnalysisRunner will not be running.
RoslynAnalysisRunner has terminated.
Mono: successfully reloaded assembly
- Completed reload, in  0.714 seconds
Platform modules already initialized, skipping
Refreshing native plugins compatible for Editor in 0.45 ms, found 1 plugins.
Preloading 0 native plugins for Editor in 0.00 ms.
Unloading 1811 Unused Serialized files (Serialized files now loaded: 0)
System memory in use before: 89.4 MB.
System memory in use after: 89.4 MB.

Unloading 12 unused Assets to reduce memory usage. Loaded Objects now: 2553.
Total: 2.107400 ms (FindLiveObjects: 0.230100 ms CreateObjectMapping: 0.101400 ms MarkObjects: 1.676800 ms  DeleteObjects: 0.098200 ms)

========================================================================
Received Prepare
Registering precompiled user dll's ...
Registered in 0.000999 seconds.
Begin MonoManager ReloadAssembly
Native extension for WindowsStandalone target not found
Refreshing native plugins compatible for Editor in 0.49 ms, found 1 plugins.
Preloading 0 native plugins for Editor in 0.00 ms.
Invoked RoslynAnalysisRunner static constructor.
RoslynAnalysisRunner will not be running.
RoslynAnalysisRunner has terminated.
Mono: successfully reloaded assembly
- Completed reload, in  0.753 seconds
Platform modules already initialized, skipping
Refreshing native plugins compatible for Editor in 0.41 ms, found 1 plugins.
Preloading 0 native plugins for Editor in 0.00 ms.
Unloading 1811 Unused Serialized files (Serialized files now loaded: 0)
System memory in use before: 89.4 MB.
System memory in use after: 89.4 MB.

Unloading 12 unused Assets to reduce memory usage. Loaded Objects now: 2557.
Total: 2.030000 ms (FindLiveObjects: 0.195000 ms CreateObjectMapping: 0.072500 ms MarkObjects: 1.666800 ms  DeleteObjects: 0.094900 ms)

========================================================================
Received Import Request.
  Time since last request: 687.038286 seconds.
  path: Assets/Animations/Log/Log.controller
  artifactKey: Guid(7bfe8602f9bad1743ad6d26ab4330748) Importer(815301076,1909f56bfc062723c751e8b465ee728b)
Start importing Assets/Animations/Log/Log.controller using Guid(7bfe8602f9bad1743ad6d26ab4330748) Importer(815301076,1909f56bfc062723c751e8b465ee728b)  -> (artifact id: 'e973314ada147eedaa075628b091eb96') in 0.014350 seconds
  Import took 0.017687 seconds .

========================================================================
Received Import Request.
  Time since last request: 0.001232 seconds.
  path: Assets/Animations/Log/Log.controller
  artifactKey: Guid(7bfe8602f9bad1743ad6d26ab4330748) Importer(815301076,1909f56bfc062723c751e8b465ee728b)
Start importing Assets/Animations/Log/Log.controller using Guid(7bfe8602f9bad1743ad6d26ab4330748) Importer(815301076,1909f56bfc062723c751e8b465ee728b)  -> (artifact id: 'e973314ada147eedaa075628b091eb96') in 0.004199 seconds
  Import took 0.006829 seconds .

========================================================================
Received Import Request.
  Time since last request: 24.544856 seconds.
  path: Assets/Animations/Player/Player.controller
  artifactKey: Guid(7625206cfbaada44782ae82caf410ca1) Importer(815301076,1909f56bfc062723c751e8b465ee728b)
Start importing Assets/Animations/Player/Player.controller using Guid(7625206cfbaada44782ae82caf410ca1) Importer(815301076,1909f56bfc062723c751e8b465ee728b)  -> (artifact id: '9f32dc61b44f925116ec32895d7fa173') in 0.010108 seconds
  Import took 0.013387 seconds .

========================================================================
Received Prepare
Registering precompiled user dll's ...
Registered in 0.001082 seconds.
Begin MonoManager ReloadAssembly
Native extension for WindowsStandalone target not found
Refreshing native plugins compatible for Editor in 0.42 ms, found 1 plugins.
Preloading 0 native plugins for Editor in 0.00 ms.
Invoked RoslynAnalysisRunner static constructor.
RoslynAnalysisRunner will not be running.
RoslynAnalysisRunner has terminated.
Mono: successfully reloaded assembly
- Completed reload, in  0.785 seconds
Platform modules already initialized, skipping
Refreshing native plugins compatible for Editor in 0.41 ms, found 1 plugins.
Preloading 0 native plugins for Editor in 0.00 ms.
Unloading 1811 Unused Serialized files (Serialized files now loaded: 0)
System memory in use before: 89.4 MB.
System memory in use after: 89.4 MB.

Unloading 12 unused Assets to reduce memory usage. Loaded Objects now: 2561.
Total: 7.626800 ms (FindLiveObjects: 0.602800 ms CreateObjectMapping: 0.312200 ms MarkObjects: 6.490000 ms  DeleteObjects: 0.218000 ms)

========================================================================
Received Import Request.
  Time since last request: 128.358039 seconds.
  path: Assets/Scripts/Knockback.cs
  artifactKey: Guid(4d08359adc2e9804abe2ceb14021ebab) Importer(815301076,1909f56bfc062723c751e8b465ee728b)
Start importing Assets/Scripts/Knockback.cs using Guid(4d08359adc2e9804abe2ceb14021ebab) Importer(815301076,1909f56bfc062723c751e8b465ee728b)  -> (artifact id: '79799e138e70216e5d9bef2bbe2d8eed') in 0.011779 seconds
  Import took 0.015293 seconds .

========================================================================
Received Prepare
Registering precompiled user dll's ...
Registered in 0.000931 seconds.
Begin MonoManager ReloadAssembly
Native extension for WindowsStandalone target not found
Refreshing native plugins compatible for Editor in 0.41 ms, found 1 plugins.
Preloading 0 native plugins for Editor in 0.00 ms.
Invoked RoslynAnalysisRunner static constructor.
RoslynAnalysisRunner will not be running.
RoslynAnalysisRunner has terminated.
Mono: successfully reloaded assembly
- Completed reload, in  0.838 seconds
Platform modules already initialized, skipping
Refreshing native plugins compatible for Editor in 0.41 ms, found 1 plugins.
Preloading 0 native plugins for Editor in 0.00 ms.
Unloading 1812 Unused Serialized files (Serialized files now loaded: 0)
System memory in use before: 89.4 MB.
System memory in use after: 89.4 MB.

Unloading 12 unused Assets to reduce memory usage. Loaded Objects now: 2566.
Total: 2.022200 ms (FindLiveObjects: 0.235900 ms CreateObjectMapping: 0.079500 ms MarkObjects: 1.605800 ms  DeleteObjects: 0.100000 ms)

========================================================================
Received Prepare
Registering precompiled user dll's ...
Registered in 0.000944 seconds.
Begin MonoManager ReloadAssembly
Native extension for WindowsStandalone target not found
Refreshing native plugins compatible for Editor in 0.40 ms, found 1 plugins.
Preloading 0 native plugins for Editor in 0.00 ms.
Invoked RoslynAnalysisRunner static constructor.
RoslynAnalysisRunner will not be running.
RoslynAnalysisRunner has terminated.
Mono: successfully reloaded assembly
- Completed reload, in  0.768 seconds
Platform modules already initialized, skipping
Refreshing native plugins compatible for Editor in 0.42 ms, found 1 plugins.
Preloading 0 native plugins for Editor in 0.00 ms.
Unloading 1812 Unused Serialized files (Serialized files now loaded: 0)
System memory in use before: 89.4 MB.
System memory in use after: 89.4 MB.

Unloading 12 unused Assets to reduce memory usage. Loaded Objects now: 2570.
Total: 2.063100 ms (FindLiveObjects: 0.206600 ms CreateObjectMapping: 0.072600 ms MarkObjects: 1.677900 ms  DeleteObjects: 0.105100 ms)

========================================================================
Received Import Request.
  Time since last request: 126.031241 seconds.
  path: Assets/Scripts/Knockback.cs
  artifactKey: Guid(4d08359adc2e9804abe2ceb14021ebab) Importer(815301076,1909f56bfc062723c751e8b465ee728b)
Start importing Assets/Scripts/Knockback.cs using Guid(4d08359adc2e9804abe2ceb14021ebab) Importer(815301076,1909f56bfc062723c751e8b465ee728b)  -> (artifact id: '9180970fdea9f6f5418c5ace45d9f20a') in 0.004790 seconds
  Import took 0.007851 seconds .

========================================================================
Received Import Request.
  Time since last request: 7.763585 seconds.
  path: ProjectSettings/TagManager.asset
  artifactKey: Guid(00000000000000003000000000000000) Importer(815301076,1909f56bfc062723c751e8b465ee728b)
Start importing ProjectSettings/TagManager.asset using Guid(00000000000000003000000000000000) Importer(815301076,1909f56bfc062723c751e8b465ee728b)  -> (artifact id: 'af9d911dd8bf86a34ccda5bdd66f2397') in 0.012572 seconds
  Import took 0.015671 seconds .

========================================================================
Received Prepare
Registering precompiled user dll's ...
Registered in 0.001161 seconds.
Begin MonoManager ReloadAssembly
Native extension for WindowsStandalone target not found
Refreshing native plugins compatible for Editor in 0.44 ms, found 1 plugins.
Preloading 0 native plugins for Editor in 0.00 ms.
Invoked RoslynAnalysisRunner static constructor.
RoslynAnalysisRunner will not be running.
RoslynAnalysisRunner has terminated.
Mono: successfully reloaded assembly
- Completed reload, in  0.824 seconds
Platform modules already initialized, skipping
Refreshing native plugins compatible for Editor in 0.42 ms, found 1 plugins.
Preloading 0 native plugins for Editor in 0.00 ms.
Unloading 1812 Unused Serialized files (Serialized files now loaded: 0)
System memory in use before: 89.5 MB.
System memory in use after: 89.4 MB.

Unloading 13 unused Assets to reduce memory usage. Loaded Objects now: 2574.
Total: 2.127600 ms (FindLiveObjects: 0.201700 ms CreateObjectMapping: 0.068400 ms MarkObjects: 1.757900 ms  DeleteObjects: 0.098600 ms)

========================================================================
Received Prepare
Registering precompiled user dll's ...
Registered in 0.001441 seconds.
Begin MonoManager ReloadAssembly
Native extension for WindowsStandalone target not found
Refreshing native plugins compatible for Editor in 0.40 ms, found 1 plugins.
Preloading 0 native plugins for Editor in 0.00 ms.
Invoked RoslynAnalysisRunner static constructor.
RoslynAnalysisRunner will not be running.
RoslynAnalysisRunner has terminated.
Mono: successfully reloaded assembly
- Completed reload, in  0.744 seconds
Platform modules already initialized, skipping
Refreshing native plugins compatible for Editor in 0.40 ms, found 1 plugins.
Preloading 0 native plugins for Editor in 0.00 ms.
Unloading 1812 Unused Serialized files (Serialized files now loaded: 0)
System memory in use before: 89.5 MB.
System memory in use after: 89.4 MB.

Unloading 12 unused Assets to reduce memory usage. Loaded Objects now: 2578.
Total: 2.274800 ms (FindLiveObjects: 0.379200 ms CreateObjectMapping: 0.119100 ms MarkObjects: 1.680100 ms  DeleteObjects: 0.094900 ms)

========================================================================
Received Prepare
Registering precompiled user dll's ...
Registered in 0.001161 seconds.
Begin MonoManager ReloadAssembly
Native extension for WindowsStandalone target not found
Refreshing native plugins compatible for Editor in 0.42 ms, found 1 plugins.
Preloading 0 native plugins for Editor in 0.00 ms.
Invoked RoslynAnalysisRunner static constructor.
RoslynAnalysisRunner will not be running.
RoslynAnalysisRunner has terminated.
Mono: successfully reloaded assembly
- Completed reload, in  0.772 seconds
Platform modules already initialized, skipping
Refreshing native plugins compatible for Editor in 0.44 ms, found 1 plugins.
Preloading 0 native plugins for Editor in 0.00 ms.
Unloading 1812 Unused Serialized files (Serialized files now loaded: 0)
System memory in use before: 89.5 MB.
System memory in use after: 89.5 MB.

Unloading 12 unused Assets to reduce memory usage. Loaded Objects now: 2582.
Total: 2.064100 ms (FindLiveObjects: 0.225200 ms CreateObjectMapping: 0.084200 ms MarkObjects: 1.604700 ms  DeleteObjects: 0.148800 ms)

========================================================================
Received Prepare
Registering precompiled user dll's ...
Registered in 0.000963 seconds.
Begin MonoManager ReloadAssembly
Native extension for WindowsStandalone target not found
Refreshing native plugins compatible for Editor in 0.41 ms, found 1 plugins.
Preloading 0 native plugins for Editor in 0.00 ms.
Invoked RoslynAnalysisRunner static constructor.
RoslynAnalysisRunner will not be running.
RoslynAnalysisRunner has terminated.
Mono: successfully reloaded assembly
- Completed reload, in  0.733 seconds
Platform modules already initialized, skipping
Refreshing native plugins compatible for Editor in 0.41 ms, found 1 plugins.
Preloading 0 native plugins for Editor in 0.00 ms.
Unloading 1812 Unused Serialized files (Serialized files now loaded: 0)
System memory in use before: 89.5 MB.
System memory in use after: 89.5 MB.

Unloading 12 unused Assets to reduce memory usage. Loaded Objects now: 2586.
Total: 5.719500 ms (FindLiveObjects: 0.612500 ms CreateObjectMapping: 0.288000 ms MarkObjects: 4.572600 ms  DeleteObjects: 0.243900 ms)

========================================================================
Received Prepare
Registering precompiled user dll's ...
Registered in 0.001067 seconds.
Begin MonoManager ReloadAssembly
Native extension for WindowsStandalone target not found
Refreshing native plugins compatible for Editor in 0.40 ms, found 1 plugins.
Preloading 0 native plugins for Editor in 0.00 ms.
Invoked RoslynAnalysisRunner static constructor.
RoslynAnalysisRunner will not be running.
RoslynAnalysisRunner has terminated.
Mono: successfully reloaded assembly
- Completed reload, in  0.756 seconds
Platform modules already initialized, skipping
Refreshing native plugins compatible for Editor in 0.43 ms, found 1 plugins.
Preloading 0 native plugins for Editor in 0.00 ms.
Unloading 1812 Unused Serialized files (Serialized files now loaded: 0)
System memory in use before: 89.5 MB.
System memory in use after: 89.5 MB.

Unloading 12 unused Assets to reduce memory usage. Loaded Objects now: 2590.
Total: 2.216600 ms (FindLiveObjects: 0.209400 ms CreateObjectMapping: 0.081100 ms MarkObjects: 1.821500 ms  DeleteObjects: 0.103700 ms)

========================================================================
Received Prepare
Registering precompiled user dll's ...
Registered in 0.000919 seconds.
Begin MonoManager ReloadAssembly
Native extension for WindowsStandalone target not found
Refreshing native plugins compatible for Editor in 0.44 ms, found 1 plugins.
Preloading 0 native plugins for Editor in 0.00 ms.
Invoked RoslynAnalysisRunner static constructor.
RoslynAnalysisRunner will not be running.
RoslynAnalysisRunner has terminated.
Mono: successfully reloaded assembly
- Completed reload, in  0.738 seconds
Platform modules already initialized, skipping
Refreshing native plugins compatible for Editor in 0.63 ms, found 1 plugins.
Preloading 0 native plugins for Editor in 0.00 ms.
Unloading 1812 Unused Serialized files (Serialized files now loaded: 0)
System memory in use before: 89.5 MB.
System memory in use after: 89.5 MB.

Unloading 12 unused Assets to reduce memory usage. Loaded Objects now: 2594.
Total: 2.187500 ms (FindLiveObjects: 0.238600 ms CreateObjectMapping: 0.090700 ms MarkObjects: 1.752600 ms  DeleteObjects: 0.104600 ms)

========================================================================
Received Prepare
Registering precompiled user dll's ...
Registered in 0.001504 seconds.
Begin MonoManager ReloadAssembly
Native extension for WindowsStandalone target not found
Refreshing native plugins compatible for Editor in 0.39 ms, found 1 plugins.
Preloading 0 native plugins for Editor in 0.00 ms.
Invoked RoslynAnalysisRunner static constructor.
RoslynAnalysisRunner will not be running.
RoslynAnalysisRunner has terminated.
Mono: successfully reloaded assembly
- Completed reload, in  0.743 seconds
Platform modules already initialized, skipping
Refreshing native plugins compatible for Editor in 0.41 ms, found 1 plugins.
Preloading 0 native plugins for Editor in 0.00 ms.
Unloading 1812 Unused Serialized files (Serialized files now loaded: 0)
System memory in use before: 89.5 MB.
System memory in use after: 89.5 MB.

Unloading 12 unused Assets to reduce memory usage. Loaded Objects now: 2598.
Total: 6.186700 ms (FindLiveObjects: 0.492700 ms CreateObjectMapping: 0.249500 ms MarkObjects: 5.191800 ms  DeleteObjects: 0.249900 ms)

========================================================================
Received Prepare
Registering precompiled user dll's ...
Registered in 0.001039 seconds.
Begin MonoManager ReloadAssembly
Native extension for WindowsStandalone target not found
Refreshing native plugins compatible for Editor in 0.41 ms, found 1 plugins.
Preloading 0 native plugins for Editor in 0.00 ms.
Invoked RoslynAnalysisRunner static constructor.
RoslynAnalysisRunner will not be running.
RoslynAnalysisRunner has terminated.
Mono: successfully reloaded assembly
- Completed reload, in  0.748 seconds
Platform modules already initialized, skipping
Refreshing native plugins compatible for Editor in 0.47 ms, found 1 plugins.
Preloading 0 native plugins for Editor in 0.00 ms.
Unloading 1812 Unused Serialized files (Serialized files now loaded: 0)
System memory in use before: 89.5 MB.
System memory in use after: 89.5 MB.

Unloading 12 unused Assets to reduce memory usage. Loaded Objects now: 2602.
Total: 2.101800 ms (FindLiveObjects: 0.222400 ms CreateObjectMapping: 0.077900 ms MarkObjects: 1.708600 ms  DeleteObjects: 0.092000 ms)

========================================================================
Received Prepare
Registering precompiled user dll's ...
Registered in 0.000931 seconds.
Begin MonoManager ReloadAssembly
Native extension for WindowsStandalone target not found
Refreshing native plugins compatible for Editor in 0.46 ms, found 1 plugins.
Preloading 0 native plugins for Editor in 0.00 ms.
Invoked RoslynAnalysisRunner static constructor.
RoslynAnalysisRunner will not be running.
RoslynAnalysisRunner has terminated.
Mono: successfully reloaded assembly
- Completed reload, in  0.785 seconds
Platform modules already initialized, skipping
Refreshing native plugins compatible for Editor in 0.41 ms, found 1 plugins.
Preloading 0 native plugins for Editor in 0.00 ms.
Unloading 1812 Unused Serialized files (Serialized files now loaded: 0)
System memory in use before: 89.5 MB.
System memory in use after: 89.5 MB.

Unloading 12 unused Assets to reduce memory usage. Loaded Objects now: 2606.
Total: 2.259600 ms (FindLiveObjects: 0.232700 ms CreateObjectMapping: 0.083500 ms MarkObjects: 1.833800 ms  DeleteObjects: 0.108300 ms)

========================================================================
Received Prepare
Registering precompiled user dll's ...
Registered in 0.000879 seconds.
Begin MonoManager ReloadAssembly
Native extension for WindowsStandalone target not found
Refreshing native plugins compatible for Editor in 0.41 ms, found 1 plugins.
Preloading 0 native plugins for Editor in 0.00 ms.
Invoked RoslynAnalysisRunner static constructor.
RoslynAnalysisRunner will not be running.
RoslynAnalysisRunner has terminated.
Mono: successfully reloaded assembly
- Completed reload, in  0.759 seconds
Platform modules already initialized, skipping
Refreshing native plugins compatible for Editor in 0.49 ms, found 1 plugins.
Preloading 0 native plugins for Editor in 0.00 ms.
Unloading 1812 Unused Serialized files (Serialized files now loaded: 0)
System memory in use before: 89.5 MB.
System memory in use after: 89.5 MB.

Unloading 12 unused Assets to reduce memory usage. Loaded Objects now: 2610.
Total: 2.497800 ms (FindLiveObjects: 0.421100 ms CreateObjectMapping: 0.142200 ms MarkObjects: 1.824800 ms  DeleteObjects: 0.108300 ms)

AssetImportWorkerClient::OnTransportError - code=2 error=End of file
