Using pre-set license
Built from '2020.3/release' branch; Version is '2020.3.2f1 (8fd9074bf66c) revision 9427207'; Using compiler version '192528614'; Build Type 'Release'
OS: 'Windows 10 Home; OS build 19042.867; Version 2009; 64bit' Language: 'en' Physical Memory: 16307 MB
BatchMode: 1, IsHumanControllingUs: 0, StartBugReporterOnCrash: 0, Is64bit: 1, IsPro: 0

 COMMAND LINE ARGUMENTS:
C:\Program Files\Unity\Hub\Editor\2020.3.2f1\Editor\Unity.exe
-adb2
-batchMode
-noUpm
-name
AssetImportWorker0
-projectPath
C:/Users/mihai/Desktop/FantasyRPG
-logFile
Logs/AssetImportWorker0.log
-srvPort
62384
Successfully changed project path to: C:/Users/mihai/Desktop/FantasyRPG
C:/Users/mihai/Desktop/FantasyRPG
Using Asset Import Pipeline V2.
Refreshing native plugins compatible for Editor in 37.94 ms, found 1 plugins.
Preloading 0 native plugins for Editor in 0.00 ms.
Initialize engine version: 2020.3.2f1 (8fd9074bf66c)
[Subsystems] Discovering subsystems at path C:/Program Files/Unity/Hub/Editor/2020.3.2f1/Editor/Data/Resources/UnitySubsystems
[Subsystems] Discovering subsystems at path C:/Users/mihai/Desktop/FantasyRPG/Assets
GfxDevice: creating device client; threaded=0
Direct3D:
    Version:  Direct3D 11.0 [level 11.1]
    Renderer: NVIDIA GeForce GTX 1060 6GB (ID=0x1c03)
    Vendor:   
    VRAM:     6052 MB
    Driver:   27.21.14.6611
Initialize mono
Mono path[0] = 'C:/Program Files/Unity/Hub/Editor/2020.3.2f1/Editor/Data/Managed'
Mono path[1] = 'C:/Program Files/Unity/Hub/Editor/2020.3.2f1/Editor/Data/MonoBleedingEdge/lib/mono/unityjit'
Mono config path = 'C:/Program Files/Unity/Hub/Editor/2020.3.2f1/Editor/Data/MonoBleedingEdge/etc'
Using monoOptions --debugger-agent=transport=dt_socket,embedding=1,server=y,suspend=n,address=127.0.0.1:56712
Begin MonoManager ReloadAssembly
Registering precompiled unity dll's ...
Register platform support module: C:/Program Files/Unity/Hub/Editor/2020.3.2f1/Editor/Data/PlaybackEngines/WindowsStandaloneSupport/UnityEditor.WindowsStandalone.Extensions.dll
Registered in 0.001669 seconds.
Native extension for WindowsStandalone target not found
Refreshing native plugins compatible for Editor in 36.16 ms, found 1 plugins.
Preloading 0 native plugins for Editor in 0.00 ms.
Invoked RoslynAnalysisRunner static constructor.
RoslynAnalysisRunner will not be running.
RoslynAnalysisRunner has terminated.
Mono: successfully reloaded assembly
- Completed reload, in  2.003 seconds
Platform modules already initialized, skipping
Registering precompiled user dll's ...
Registered in 0.000865 seconds.
Begin MonoManager ReloadAssembly
Native extension for WindowsStandalone target not found
Refreshing native plugins compatible for Editor in 37.69 ms, found 1 plugins.
Preloading 0 native plugins for Editor in 0.00 ms.
Invoked RoslynAnalysisRunner static constructor.
RoslynAnalysisRunner will not be running.
RoslynAnalysisRunner has terminated.
Mono: successfully reloaded assembly
- Completed reload, in  0.848 seconds
Platform modules already initialized, skipping
========================================================================
Worker process is ready to serve import requests
Launched and connected shader compiler UnityShaderCompiler.exe after 0.04 seconds
Refreshing native plugins compatible for Editor in 0.55 ms, found 1 plugins.
Preloading 0 native plugins for Editor in 0.00 ms.
Unloading 1817 Unused Serialized files (Serialized files now loaded: 0)
System memory in use before: 85.1 MB.
System memory in use after: 85.0 MB.

Unloading 24 unused Assets to reduce memory usage. Loaded Objects now: 2260.
Total: 2.028700 ms (FindLiveObjects: 0.214200 ms CreateObjectMapping: 0.107900 ms MarkObjects: 1.595400 ms  DeleteObjects: 0.110200 ms)

========================================================================
Received Import Request.
  path: Assets/Sprites/objects.png
  artifactKey: Guid(693b72eab44c5b3419ea12620766aa48) Importer(815301076,1909f56bfc062723c751e8b465ee728b)
Start importing Assets/Sprites/objects.png using Guid(693b72eab44c5b3419ea12620766aa48) Importer(815301076,1909f56bfc062723c751e8b465ee728b)  -> (artifact id: '9a93f28f64dd43691f14a540b62d55b7') in 0.297007 seconds
  Import took 0.301370 seconds .

========================================================================
Received Import Request.
  Time since last request: 0.000304 seconds.
  path: Assets/Sprites/font.png
  artifactKey: Guid(6e747e393b05e2e4f87989c24b69f601) Importer(815301076,1909f56bfc062723c751e8b465ee728b)
Start importing Assets/Sprites/font.png using Guid(6e747e393b05e2e4f87989c24b69f601) Importer(815301076,1909f56bfc062723c751e8b465ee728b)  -> (artifact id: '9a1b56ebc750fcfa154aadf464e25d73') in 0.013331 seconds
  Import took 0.016296 seconds .

========================================================================
Received Import Request.
  Time since last request: 0.000291 seconds.
  path: Assets/Sprites/cave.png
  artifactKey: Guid(31c05a13b81241e4c95ccb887e08dbfe) Importer(815301076,1909f56bfc062723c751e8b465ee728b)
Start importing Assets/Sprites/cave.png using Guid(31c05a13b81241e4c95ccb887e08dbfe) Importer(815301076,1909f56bfc062723c751e8b465ee728b)  -> (artifact id: '4ada65121fe99e3b731e03e138f8f596') in 0.015307 seconds
  Import took 0.018763 seconds .

========================================================================
Received Import Request.
  Time since last request: 0.000298 seconds.
  path: Assets/Sprites/log.png
  artifactKey: Guid(34e48bf3defd39c4c92a2aaf48fbadf5) Importer(815301076,1909f56bfc062723c751e8b465ee728b)
Start importing Assets/Sprites/log.png using Guid(34e48bf3defd39c4c92a2aaf48fbadf5) Importer(815301076,1909f56bfc062723c751e8b465ee728b)  -> (artifact id: '9b7f7a1e6d77c50719319413e422afea') in 0.036910 seconds
  Import took 0.039811 seconds .

========================================================================
Received Import Request.
  Time since last request: 0.000244 seconds.
  path: Assets/Sprites/character.png
  artifactKey: Guid(2d84a153e30c3964ca8113252aeae08b) Importer(815301076,1909f56bfc062723c751e8b465ee728b)
Start importing Assets/Sprites/character.png using Guid(2d84a153e30c3964ca8113252aeae08b) Importer(815301076,1909f56bfc062723c751e8b465ee728b)  -> (artifact id: '1c6774aa23172b6f53e0593a633b5664') in 0.071327 seconds
  Import took 0.074674 seconds .

========================================================================
Received Import Request.
  Time since last request: 0.000241 seconds.
  path: Assets/Sprites/Overworld.png
  artifactKey: Guid(1829e33389dc310468aab8a3a1968b1d) Importer(815301076,1909f56bfc062723c751e8b465ee728b)
Start importing Assets/Sprites/Overworld.png using Guid(1829e33389dc310468aab8a3a1968b1d) Importer(815301076,1909f56bfc062723c751e8b465ee728b)  -> (artifact id: 'cf08c6692b450a7414880cb24e32ec11') in 0.996061 seconds
  Import took 1.032541 seconds .

========================================================================
Received Import Request.
  Time since last request: 0.000329 seconds.
  path: Assets/Sprites/NPC_test.png
  artifactKey: Guid(2d36d1d9debd1e64fb358a83edf5f62a) Importer(815301076,1909f56bfc062723c751e8b465ee728b)
Start importing Assets/Sprites/NPC_test.png using Guid(2d36d1d9debd1e64fb358a83edf5f62a) Importer(815301076,1909f56bfc062723c751e8b465ee728b)  -> (artifact id: '4c714c32bbc78df26a437a77c03a6781') in 0.015195 seconds
  Import took 0.019658 seconds .

========================================================================
Received Import Request.
  Time since last request: 0.000179 seconds.
  path: Assets/Sprites/Inner.png
  artifactKey: Guid(5fcad49c004c3e7469b1bdb636e6373c) Importer(815301076,1909f56bfc062723c751e8b465ee728b)
Start importing Assets/Sprites/Inner.png using Guid(5fcad49c004c3e7469b1bdb636e6373c) Importer(815301076,1909f56bfc062723c751e8b465ee728b)  -> (artifact id: 'ca4f205ba00e2bab6beab774bba275a6') in 0.012810 seconds
  Import took 0.016079 seconds .

========================================================================
Received Import Request.
  Time since last request: 35.564270 seconds.
  path: Assets/Sprites/New Sprite Atlas.spriteatlas
  artifactKey: Guid(477af7abd64a745448333da46add717e) Importer(815301076,1909f56bfc062723c751e8b465ee728b)
Start importing Assets/Sprites/New Sprite Atlas.spriteatlas using Guid(477af7abd64a745448333da46add717e) Importer(815301076,1909f56bfc062723c751e8b465ee728b)  -> (artifact id: '2c5ba5a46c5e0bd14c202caccdb6d0f7') in 0.012489 seconds
  Import took 0.016205 seconds .

========================================================================
Received Import Request.
  Time since last request: 37.723287 seconds.
  path: Assets/Sprites/Sprite_Atlas.spriteatlas
  artifactKey: Guid(477af7abd64a745448333da46add717e) Importer(815301076,1909f56bfc062723c751e8b465ee728b)
Start importing Assets/Sprites/Sprite_Atlas.spriteatlas using Guid(477af7abd64a745448333da46add717e) Importer(815301076,1909f56bfc062723c751e8b465ee728b)  -> (artifact id: '4bf4f88ecb7877181eb7ad865494fa4e') in 0.007369 seconds
  Import took 0.010923 seconds .

========================================================================
Received Import Request.
  Time since last request: 52.355350 seconds.
  path: Assets/Sprites/Sprite_Atlas.spriteatlas
  artifactKey: Guid(477af7abd64a745448333da46add717e) Importer(815301076,1909f56bfc062723c751e8b465ee728b)
Start importing Assets/Sprites/Sprite_Atlas.spriteatlas using Guid(477af7abd64a745448333da46add717e) Importer(815301076,1909f56bfc062723c751e8b465ee728b)  -> (artifact id: '325e9a4a4aa47be982d299b80e8b898d') in 0.047682 seconds
  Import took 0.054844 seconds .

========================================================================
Received Prepare
Registering precompiled user dll's ...
Registered in 0.001383 seconds.
Begin MonoManager ReloadAssembly
Native extension for WindowsStandalone target not found
Refreshing native plugins compatible for Editor in 0.42 ms, found 1 plugins.
Preloading 0 native plugins for Editor in 0.00 ms.
Invoked RoslynAnalysisRunner static constructor.
RoslynAnalysisRunner will not be running.
RoslynAnalysisRunner has terminated.
Mono: successfully reloaded assembly
- Completed reload, in  0.771 seconds
Platform modules already initialized, skipping
Refreshing native plugins compatible for Editor in 0.49 ms, found 1 plugins.
Preloading 0 native plugins for Editor in 0.00 ms.
Unloading 1812 Unused Serialized files (Serialized files now loaded: 0)
System memory in use before: 90.3 MB.
System memory in use after: 90.2 MB.

Unloading 12 unused Assets to reduce memory usage. Loaded Objects now: 2422.
Total: 2.594300 ms (FindLiveObjects: 0.312300 ms CreateObjectMapping: 0.172800 ms MarkObjects: 1.988300 ms  DeleteObjects: 0.119600 ms)

========================================================================
Received Import Request.
  Time since last request: 284.114671 seconds.
  path: Assets/Animations/Log/Log.controller
  artifactKey: Guid(7bfe8602f9bad1743ad6d26ab4330748) Importer(815301076,1909f56bfc062723c751e8b465ee728b)
Start importing Assets/Animations/Log/Log.controller using Guid(7bfe8602f9bad1743ad6d26ab4330748) Importer(815301076,1909f56bfc062723c751e8b465ee728b)  -> (artifact id: 'da762e9ddd1021818e2670093be9dfb7') in 0.019159 seconds
  Import took 0.023276 seconds .

========================================================================
Received Prepare
Registering precompiled user dll's ...
Registered in 0.000896 seconds.
Begin MonoManager ReloadAssembly
Native extension for WindowsStandalone target not found
Refreshing native plugins compatible for Editor in 0.41 ms, found 1 plugins.
Preloading 0 native plugins for Editor in 0.00 ms.
Invoked RoslynAnalysisRunner static constructor.
RoslynAnalysisRunner will not be running.
RoslynAnalysisRunner has terminated.
Mono: successfully reloaded assembly
- Completed reload, in  0.776 seconds
Platform modules already initialized, skipping
Refreshing native plugins compatible for Editor in 0.40 ms, found 1 plugins.
Preloading 0 native plugins for Editor in 0.00 ms.
Unloading 1812 Unused Serialized files (Serialized files now loaded: 0)
System memory in use before: 90.3 MB.
System memory in use after: 90.3 MB.

Unloading 12 unused Assets to reduce memory usage. Loaded Objects now: 2426.
Total: 2.541100 ms (FindLiveObjects: 0.223100 ms CreateObjectMapping: 0.103700 ms MarkObjects: 2.116500 ms  DeleteObjects: 0.096500 ms)

========================================================================
Received Prepare
Registering precompiled user dll's ...
Registered in 0.000947 seconds.
Begin MonoManager ReloadAssembly
Native extension for WindowsStandalone target not found
Refreshing native plugins compatible for Editor in 0.47 ms, found 1 plugins.
Preloading 0 native plugins for Editor in 0.00 ms.
Invoked RoslynAnalysisRunner static constructor.
RoslynAnalysisRunner will not be running.
RoslynAnalysisRunner has terminated.
Mono: successfully reloaded assembly
- Completed reload, in  0.774 seconds
Platform modules already initialized, skipping
Refreshing native plugins compatible for Editor in 0.45 ms, found 1 plugins.
Preloading 0 native plugins for Editor in 0.00 ms.
Unloading 1812 Unused Serialized files (Serialized files now loaded: 0)
System memory in use before: 90.4 MB.
System memory in use after: 90.3 MB.

Unloading 12 unused Assets to reduce memory usage. Loaded Objects now: 2430.
Total: 2.209100 ms (FindLiveObjects: 0.296700 ms CreateObjectMapping: 0.121100 ms MarkObjects: 1.691200 ms  DeleteObjects: 0.098900 ms)

========================================================================
Received Prepare
Registering precompiled user dll's ...
Registered in 0.000975 seconds.
Begin MonoManager ReloadAssembly
Native extension for WindowsStandalone target not found
Refreshing native plugins compatible for Editor in 0.40 ms, found 1 plugins.
Preloading 0 native plugins for Editor in 0.00 ms.
Invoked RoslynAnalysisRunner static constructor.
RoslynAnalysisRunner will not be running.
RoslynAnalysisRunner has terminated.
Mono: successfully reloaded assembly
- Completed reload, in  0.778 seconds
Platform modules already initialized, skipping
Refreshing native plugins compatible for Editor in 0.40 ms, found 1 plugins.
Preloading 0 native plugins for Editor in 0.00 ms.
Unloading 1812 Unused Serialized files (Serialized files now loaded: 0)
System memory in use before: 90.4 MB.
System memory in use after: 90.4 MB.

Unloading 12 unused Assets to reduce memory usage. Loaded Objects now: 2434.
Total: 7.397900 ms (FindLiveObjects: 0.575300 ms CreateObjectMapping: 0.288900 ms MarkObjects: 6.193100 ms  DeleteObjects: 0.336400 ms)

========================================================================
Received Prepare
Registering precompiled user dll's ...
Registered in 0.000967 seconds.
Begin MonoManager ReloadAssembly
Native extension for WindowsStandalone target not found
Refreshing native plugins compatible for Editor in 0.40 ms, found 1 plugins.
Preloading 0 native plugins for Editor in 0.00 ms.
Invoked RoslynAnalysisRunner static constructor.
RoslynAnalysisRunner will not be running.
RoslynAnalysisRunner has terminated.
Mono: successfully reloaded assembly
- Completed reload, in  0.784 seconds
Platform modules already initialized, skipping
Refreshing native plugins compatible for Editor in 0.42 ms, found 1 plugins.
Preloading 0 native plugins for Editor in 0.00 ms.
Unloading 1812 Unused Serialized files (Serialized files now loaded: 0)
System memory in use before: 90.4 MB.
System memory in use after: 90.4 MB.

Unloading 12 unused Assets to reduce memory usage. Loaded Objects now: 2438.
Total: 2.316700 ms (FindLiveObjects: 0.220000 ms CreateObjectMapping: 0.090800 ms MarkObjects: 1.890700 ms  DeleteObjects: 0.114100 ms)

========================================================================
Received Prepare
Registering precompiled user dll's ...
Registered in 0.000960 seconds.
Begin MonoManager ReloadAssembly
Native extension for WindowsStandalone target not found
Refreshing native plugins compatible for Editor in 0.41 ms, found 1 plugins.
Preloading 0 native plugins for Editor in 0.00 ms.
Invoked RoslynAnalysisRunner static constructor.
RoslynAnalysisRunner will not be running.
RoslynAnalysisRunner has terminated.
Mono: successfully reloaded assembly
- Completed reload, in  0.759 seconds
Platform modules already initialized, skipping
Refreshing native plugins compatible for Editor in 0.49 ms, found 1 plugins.
Preloading 0 native plugins for Editor in 0.00 ms.
Unloading 1812 Unused Serialized files (Serialized files now loaded: 0)
System memory in use before: 90.4 MB.
System memory in use after: 90.4 MB.

Unloading 12 unused Assets to reduce memory usage. Loaded Objects now: 2442.
Total: 2.121000 ms (FindLiveObjects: 0.198200 ms CreateObjectMapping: 0.068600 ms MarkObjects: 1.748400 ms  DeleteObjects: 0.104200 ms)

========================================================================
Received Prepare
Registering precompiled user dll's ...
Registered in 0.001046 seconds.
Begin MonoManager ReloadAssembly
Native extension for WindowsStandalone target not found
Refreshing native plugins compatible for Editor in 0.75 ms, found 1 plugins.
Preloading 0 native plugins for Editor in 0.00 ms.
Invoked RoslynAnalysisRunner static constructor.
RoslynAnalysisRunner will not be running.
RoslynAnalysisRunner has terminated.
Mono: successfully reloaded assembly
- Completed reload, in  0.773 seconds
Platform modules already initialized, skipping
Refreshing native plugins compatible for Editor in 0.42 ms, found 1 plugins.
Preloading 0 native plugins for Editor in 0.00 ms.
Unloading 1812 Unused Serialized files (Serialized files now loaded: 0)
System memory in use before: 90.5 MB.
System memory in use after: 90.4 MB.

Unloading 12 unused Assets to reduce memory usage. Loaded Objects now: 2446.
Total: 2.325900 ms (FindLiveObjects: 0.218800 ms CreateObjectMapping: 0.082200 ms MarkObjects: 1.920600 ms  DeleteObjects: 0.103100 ms)

========================================================================
Received Prepare
Registering precompiled user dll's ...
Registered in 0.001083 seconds.
Begin MonoManager ReloadAssembly
Native extension for WindowsStandalone target not found
Refreshing native plugins compatible for Editor in 0.45 ms, found 1 plugins.
Preloading 0 native plugins for Editor in 0.00 ms.
Invoked RoslynAnalysisRunner static constructor.
RoslynAnalysisRunner will not be running.
RoslynAnalysisRunner has terminated.
Mono: successfully reloaded assembly
- Completed reload, in  0.793 seconds
Platform modules already initialized, skipping
Refreshing native plugins compatible for Editor in 0.43 ms, found 1 plugins.
Preloading 0 native plugins for Editor in 0.00 ms.
Unloading 1812 Unused Serialized files (Serialized files now loaded: 0)
System memory in use before: 90.5 MB.
System memory in use after: 90.4 MB.

Unloading 12 unused Assets to reduce memory usage. Loaded Objects now: 2450.
Total: 2.003400 ms (FindLiveObjects: 0.259900 ms CreateObjectMapping: 0.105400 ms MarkObjects: 1.518700 ms  DeleteObjects: 0.118200 ms)

========================================================================
Received Prepare
Registering precompiled user dll's ...
Registered in 0.000934 seconds.
Begin MonoManager ReloadAssembly
Native extension for WindowsStandalone target not found
Refreshing native plugins compatible for Editor in 0.42 ms, found 1 plugins.
Preloading 0 native plugins for Editor in 0.00 ms.
Invoked RoslynAnalysisRunner static constructor.
RoslynAnalysisRunner will not be running.
RoslynAnalysisRunner has terminated.
Mono: successfully reloaded assembly
- Completed reload, in  0.759 seconds
Platform modules already initialized, skipping
Refreshing native plugins compatible for Editor in 0.58 ms, found 1 plugins.
Preloading 0 native plugins for Editor in 0.00 ms.
Unloading 1812 Unused Serialized files (Serialized files now loaded: 0)
System memory in use before: 90.5 MB.
System memory in use after: 90.5 MB.

Unloading 12 unused Assets to reduce memory usage. Loaded Objects now: 2454.
Total: 2.020000 ms (FindLiveObjects: 0.201100 ms CreateObjectMapping: 0.080000 ms MarkObjects: 1.636500 ms  DeleteObjects: 0.101000 ms)

========================================================================
Received Prepare
Registering precompiled user dll's ...
Registered in 0.000976 seconds.
Begin MonoManager ReloadAssembly
Native extension for WindowsStandalone target not found
Refreshing native plugins compatible for Editor in 0.40 ms, found 1 plugins.
Preloading 0 native plugins for Editor in 0.00 ms.
Invoked RoslynAnalysisRunner static constructor.
RoslynAnalysisRunner will not be running.
RoslynAnalysisRunner has terminated.
Mono: successfully reloaded assembly
- Completed reload, in  0.763 seconds
Platform modules already initialized, skipping
Refreshing native plugins compatible for Editor in 0.45 ms, found 1 plugins.
Preloading 0 native plugins for Editor in 0.00 ms.
Unloading 1812 Unused Serialized files (Serialized files now loaded: 0)
System memory in use before: 90.5 MB.
System memory in use after: 90.5 MB.

Unloading 12 unused Assets to reduce memory usage. Loaded Objects now: 2458.
Total: 2.383500 ms (FindLiveObjects: 0.308500 ms CreateObjectMapping: 0.105500 ms MarkObjects: 1.857500 ms  DeleteObjects: 0.110800 ms)

========================================================================
Received Prepare
Registering precompiled user dll's ...
Registered in 0.000979 seconds.
Begin MonoManager ReloadAssembly
Native extension for WindowsStandalone target not found
Refreshing native plugins compatible for Editor in 0.46 ms, found 1 plugins.
Preloading 0 native plugins for Editor in 0.00 ms.
Invoked RoslynAnalysisRunner static constructor.
RoslynAnalysisRunner will not be running.
RoslynAnalysisRunner has terminated.
Mono: successfully reloaded assembly
- Completed reload, in  0.789 seconds
Platform modules already initialized, skipping
Refreshing native plugins compatible for Editor in 0.41 ms, found 1 plugins.
Preloading 0 native plugins for Editor in 0.00 ms.
Unloading 1812 Unused Serialized files (Serialized files now loaded: 0)
System memory in use before: 90.5 MB.
System memory in use after: 90.5 MB.

Unloading 12 unused Assets to reduce memory usage. Loaded Objects now: 2462.
Total: 2.431300 ms (FindLiveObjects: 0.223300 ms CreateObjectMapping: 0.077000 ms MarkObjects: 2.031000 ms  DeleteObjects: 0.098500 ms)

========================================================================
Received Prepare
Registering precompiled user dll's ...
Registered in 0.000941 seconds.
Begin MonoManager ReloadAssembly
Native extension for WindowsStandalone target not found
Refreshing native plugins compatible for Editor in 0.42 ms, found 1 plugins.
Preloading 0 native plugins for Editor in 0.00 ms.
Invoked RoslynAnalysisRunner static constructor.
RoslynAnalysisRunner will not be running.
RoslynAnalysisRunner has terminated.
Mono: successfully reloaded assembly
- Completed reload, in  0.756 seconds
Platform modules already initialized, skipping
Refreshing native plugins compatible for Editor in 0.40 ms, found 1 plugins.
Preloading 0 native plugins for Editor in 0.00 ms.
Unloading 1812 Unused Serialized files (Serialized files now loaded: 0)
System memory in use before: 90.5 MB.
System memory in use after: 90.5 MB.

Unloading 12 unused Assets to reduce memory usage. Loaded Objects now: 2466.
Total: 2.502800 ms (FindLiveObjects: 0.499000 ms CreateObjectMapping: 0.115500 ms MarkObjects: 1.787300 ms  DeleteObjects: 0.099200 ms)

========================================================================
Received Prepare
Registering precompiled user dll's ...
Registered in 0.001468 seconds.
Begin MonoManager ReloadAssembly
Native extension for WindowsStandalone target not found
Refreshing native plugins compatible for Editor in 0.43 ms, found 1 plugins.
Preloading 0 native plugins for Editor in 0.00 ms.
Invoked RoslynAnalysisRunner static constructor.
RoslynAnalysisRunner will not be running.
RoslynAnalysisRunner has terminated.
Mono: successfully reloaded assembly
- Completed reload, in  0.753 seconds
Platform modules already initialized, skipping
Refreshing native plugins compatible for Editor in 0.46 ms, found 1 plugins.
Preloading 0 native plugins for Editor in 0.00 ms.
Unloading 1812 Unused Serialized files (Serialized files now loaded: 0)
System memory in use before: 90.3 MB.
System memory in use after: 90.3 MB.

Unloading 12 unused Assets to reduce memory usage. Loaded Objects now: 2470.
Total: 2.305300 ms (FindLiveObjects: 0.201100 ms CreateObjectMapping: 0.085700 ms MarkObjects: 1.920000 ms  DeleteObjects: 0.097400 ms)

========================================================================
Received Prepare
Registering precompiled user dll's ...
Registered in 0.000938 seconds.
Begin MonoManager ReloadAssembly
Native extension for WindowsStandalone target not found
Refreshing native plugins compatible for Editor in 0.40 ms, found 1 plugins.
Preloading 0 native plugins for Editor in 0.00 ms.
Invoked RoslynAnalysisRunner static constructor.
RoslynAnalysisRunner will not be running.
RoslynAnalysisRunner has terminated.
Mono: successfully reloaded assembly
- Completed reload, in  0.755 seconds
Platform modules already initialized, skipping
Refreshing native plugins compatible for Editor in 0.44 ms, found 1 plugins.
Preloading 0 native plugins for Editor in 0.00 ms.
Unloading 1812 Unused Serialized files (Serialized files now loaded: 0)
System memory in use before: 90.5 MB.
System memory in use after: 90.5 MB.

Unloading 12 unused Assets to reduce memory usage. Loaded Objects now: 2474.
Total: 2.601300 ms (FindLiveObjects: 0.271600 ms CreateObjectMapping: 0.151200 ms MarkObjects: 2.074500 ms  DeleteObjects: 0.103100 ms)

========================================================================
Received Import Request.
  Time since last request: 1113.583132 seconds.
  path: Assets/Scripts/ScriptableObjects
  artifactKey: Guid(5161a4eec348bdd41b80eeeac210b3ec) Importer(815301076,1909f56bfc062723c751e8b465ee728b)
Start importing Assets/Scripts/ScriptableObjects using Guid(5161a4eec348bdd41b80eeeac210b3ec) Importer(815301076,1909f56bfc062723c751e8b465ee728b)  -> (artifact id: 'f88406f5f65a715d6fca693bee8c1c92') in 0.010436 seconds
  Import took 0.013704 seconds .

========================================================================
Received Import Request.
  Time since last request: 7.086307 seconds.
  path: Assets/Scripts/ScriptableObjects/FloatValue.cs
  artifactKey: Guid(c4c11657ea7779545befc4bddf3dc771) Importer(815301076,1909f56bfc062723c751e8b465ee728b)
Start importing Assets/Scripts/ScriptableObjects/FloatValue.cs using Guid(c4c11657ea7779545befc4bddf3dc771) Importer(815301076,1909f56bfc062723c751e8b465ee728b)  -> (artifact id: '8f7d79bfe0973ad46a87b73cb11d45ea') in 0.020302 seconds
  Import took 0.023566 seconds .

========================================================================
Received Prepare
Registering precompiled user dll's ...
Registered in 0.001128 seconds.
Begin MonoManager ReloadAssembly
Native extension for WindowsStandalone target not found
Refreshing native plugins compatible for Editor in 0.43 ms, found 1 plugins.
Preloading 0 native plugins for Editor in 0.00 ms.
Invoked RoslynAnalysisRunner static constructor.
RoslynAnalysisRunner will not be running.
RoslynAnalysisRunner has terminated.
Mono: successfully reloaded assembly
- Completed reload, in  0.776 seconds
Platform modules already initialized, skipping
Refreshing native plugins compatible for Editor in 0.44 ms, found 1 plugins.
Preloading 0 native plugins for Editor in 0.00 ms.
Unloading 1813 Unused Serialized files (Serialized files now loaded: 0)
System memory in use before: 90.6 MB.
System memory in use after: 90.5 MB.

Unloading 12 unused Assets to reduce memory usage. Loaded Objects now: 2479.
Total: 1.871300 ms (FindLiveObjects: 0.195000 ms CreateObjectMapping: 0.078500 ms MarkObjects: 1.490100 ms  DeleteObjects: 0.106400 ms)

========================================================================
Received Prepare
Registering precompiled user dll's ...
Registered in 0.001285 seconds.
Begin MonoManager ReloadAssembly
Native extension for WindowsStandalone target not found
Refreshing native plugins compatible for Editor in 0.45 ms, found 1 plugins.
Preloading 0 native plugins for Editor in 0.00 ms.
Invoked RoslynAnalysisRunner static constructor.
RoslynAnalysisRunner will not be running.
RoslynAnalysisRunner has terminated.
Mono: successfully reloaded assembly
- Completed reload, in  0.752 seconds
Platform modules already initialized, skipping
Refreshing native plugins compatible for Editor in 0.41 ms, found 1 plugins.
Preloading 0 native plugins for Editor in 0.00 ms.
Unloading 1813 Unused Serialized files (Serialized files now loaded: 0)
System memory in use before: 90.6 MB.
System memory in use after: 90.5 MB.

Unloading 12 unused Assets to reduce memory usage. Loaded Objects now: 2483.
Total: 1.985700 ms (FindLiveObjects: 0.212400 ms CreateObjectMapping: 0.081700 ms MarkObjects: 1.577500 ms  DeleteObjects: 0.112800 ms)

========================================================================
Received Import Request.
  Time since last request: 477.851446 seconds.
  path: Assets/Scripts/ScriptableObjects/FloatValue.cs
  artifactKey: Guid(c4c11657ea7779545befc4bddf3dc771) Importer(815301076,1909f56bfc062723c751e8b465ee728b)
Start importing Assets/Scripts/ScriptableObjects/FloatValue.cs using Guid(c4c11657ea7779545befc4bddf3dc771) Importer(815301076,1909f56bfc062723c751e8b465ee728b)  -> (artifact id: 'f27c2d60b9efebc745f7c36251f459ba') in 0.006489 seconds
  Import took 0.010098 seconds .

========================================================================
Received Import Request.
  Time since last request: 0.264048 seconds.
  path: Assets
  artifactKey: Guid(00000000000000001000000000000000) Importer(815301076,1909f56bfc062723c751e8b465ee728b)
Start importing Assets using Guid(00000000000000001000000000000000) Importer(815301076,1909f56bfc062723c751e8b465ee728b)  -> (artifact id: '819a33a9bd799f71faca6db75e8a216c') in 0.007013 seconds
  Import took 0.010744 seconds .

========================================================================
Received Import Request.
  Time since last request: 8.943195 seconds.
  path: Assets/ScriptableObjects
  artifactKey: Guid(e71bc1cd3f8fa8141b86b1dcaae91711) Importer(815301076,1909f56bfc062723c751e8b465ee728b)
Start importing Assets/ScriptableObjects using Guid(e71bc1cd3f8fa8141b86b1dcaae91711) Importer(815301076,1909f56bfc062723c751e8b465ee728b)  -> (artifact id: 'cb66963fc5ba8e51c7a016ea6b6d7dd3') in 0.002478 seconds
  Import took 0.005783 seconds .

========================================================================
Received Prepare
Registering precompiled user dll's ...
Registered in 0.001021 seconds.
Begin MonoManager ReloadAssembly
Native extension for WindowsStandalone target not found
Refreshing native plugins compatible for Editor in 0.43 ms, found 1 plugins.
Preloading 0 native plugins for Editor in 0.00 ms.
Invoked RoslynAnalysisRunner static constructor.
RoslynAnalysisRunner will not be running.
RoslynAnalysisRunner has terminated.
Mono: successfully reloaded assembly
- Completed reload, in  0.784 seconds
Platform modules already initialized, skipping
Refreshing native plugins compatible for Editor in 0.58 ms, found 1 plugins.
Preloading 0 native plugins for Editor in 0.00 ms.
Unloading 1813 Unused Serialized files (Serialized files now loaded: 0)
System memory in use before: 90.6 MB.
System memory in use after: 90.5 MB.

Unloading 12 unused Assets to reduce memory usage. Loaded Objects now: 2487.
Total: 2.304800 ms (FindLiveObjects: 0.399300 ms CreateObjectMapping: 0.099100 ms MarkObjects: 1.691000 ms  DeleteObjects: 0.113300 ms)

========================================================================
Received Import Request.
  Time since last request: 314.290406 seconds.
  path: Assets/ScriptableObjects/New Float Value.asset
  artifactKey: Guid(80dd99a619c9d4249a16e3afd14dbb98) Importer(815301076,1909f56bfc062723c751e8b465ee728b)
Start importing Assets/ScriptableObjects/New Float Value.asset using Guid(80dd99a619c9d4249a16e3afd14dbb98) Importer(815301076,1909f56bfc062723c751e8b465ee728b)  -> (artifact id: '081e555fa46b73c373639348bb43826d') in 0.018420 seconds
  Import took 0.022336 seconds .

========================================================================
Received Import Request.
  Time since last request: 0.000359 seconds.
  path: Assets/ScriptableObjects/New Float Value.asset
  artifactKey: Guid(80dd99a619c9d4249a16e3afd14dbb98) Importer(815301076,1909f56bfc062723c751e8b465ee728b)
Start importing Assets/ScriptableObjects/New Float Value.asset using Guid(80dd99a619c9d4249a16e3afd14dbb98) Importer(815301076,1909f56bfc062723c751e8b465ee728b)  -> (artifact id: '081e555fa46b73c373639348bb43826d') in 0.003683 seconds
  Import took 0.007904 seconds .

========================================================================
Received Import Request.
  Time since last request: 228.826869 seconds.
  path: Assets/ScriptableObjects/NewBehaviourScript.cs
  artifactKey: Guid(165b478c62cfc2245851b330adb80e3a) Importer(815301076,1909f56bfc062723c751e8b465ee728b)
Start importing Assets/ScriptableObjects/NewBehaviourScript.cs using Guid(165b478c62cfc2245851b330adb80e3a) Importer(815301076,1909f56bfc062723c751e8b465ee728b)  -> (artifact id: '1a98d5572cd9144b9304d0b348736211') in 0.006787 seconds
  Import took 0.010960 seconds .

========================================================================
Received Prepare
Registering precompiled user dll's ...
Registered in 0.000982 seconds.
Begin MonoManager ReloadAssembly
Native extension for WindowsStandalone target not found
Refreshing native plugins compatible for Editor in 0.42 ms, found 1 plugins.
Preloading 0 native plugins for Editor in 0.00 ms.
Invoked RoslynAnalysisRunner static constructor.
RoslynAnalysisRunner will not be running.
RoslynAnalysisRunner has terminated.
Mono: successfully reloaded assembly
- Completed reload, in  0.731 seconds
Platform modules already initialized, skipping
Refreshing native plugins compatible for Editor in 0.40 ms, found 1 plugins.
Preloading 0 native plugins for Editor in 0.00 ms.
Unloading 1814 Unused Serialized files (Serialized files now loaded: 0)
System memory in use before: 90.6 MB.
System memory in use after: 90.6 MB.

Unloading 12 unused Assets to reduce memory usage. Loaded Objects now: 2492.
Total: 2.050400 ms (FindLiveObjects: 0.242100 ms CreateObjectMapping: 0.097600 ms MarkObjects: 1.595800 ms  DeleteObjects: 0.113600 ms)

========================================================================
Received Prepare
Registering precompiled user dll's ...
Registered in 0.000907 seconds.
Begin MonoManager ReloadAssembly
Native extension for WindowsStandalone target not found
Refreshing native plugins compatible for Editor in 0.44 ms, found 1 plugins.
Preloading 0 native plugins for Editor in 0.00 ms.
Invoked RoslynAnalysisRunner static constructor.
RoslynAnalysisRunner will not be running.
RoslynAnalysisRunner has terminated.
Mono: successfully reloaded assembly
- Completed reload, in  0.721 seconds
Platform modules already initialized, skipping
Refreshing native plugins compatible for Editor in 0.62 ms, found 1 plugins.
Preloading 0 native plugins for Editor in 0.00 ms.
Unloading 1813 Unused Serialized files (Serialized files now loaded: 0)
System memory in use before: 90.6 MB.
System memory in use after: 90.6 MB.

Unloading 13 unused Assets to reduce memory usage. Loaded Objects now: 2495.
Total: 2.448600 ms (FindLiveObjects: 0.353000 ms CreateObjectMapping: 0.112500 ms MarkObjects: 1.857000 ms  DeleteObjects: 0.124300 ms)

========================================================================
Received Import Request.
  Time since last request: 581.824776 seconds.
  path: Assets/ScriptableObjects/TwoHitEnemyHealth.asset
  artifactKey: Guid(552ad7fb46c0f3248b6148fb527b0fb1) Importer(815301076,1909f56bfc062723c751e8b465ee728b)
Start importing Assets/ScriptableObjects/TwoHitEnemyHealth.asset using Guid(552ad7fb46c0f3248b6148fb527b0fb1) Importer(815301076,1909f56bfc062723c751e8b465ee728b)  -> (artifact id: '1516528fc34646358c64eaf777dcac2d') in 0.017064 seconds
  Import took 0.021440 seconds .

========================================================================
Received Import Request.
  Time since last request: 48.871868 seconds.
  path: Assets/Scripts/EnemyAI.cs
  artifactKey: Guid(9d8b3271d1544d94ea0995e730829b39) Importer(815301076,1909f56bfc062723c751e8b465ee728b)
Start importing Assets/Scripts/EnemyAI.cs using Guid(9d8b3271d1544d94ea0995e730829b39) Importer(815301076,1909f56bfc062723c751e8b465ee728b)  -> (artifact id: 'e05eaf4c9001642425320afbe5e83cfd') in 0.006664 seconds
  Import took 0.010586 seconds .

========================================================================
Received Prepare
Registering precompiled user dll's ...
Registered in 0.000982 seconds.
Begin MonoManager ReloadAssembly
Native extension for WindowsStandalone target not found
Refreshing native plugins compatible for Editor in 0.44 ms, found 1 plugins.
Preloading 0 native plugins for Editor in 0.00 ms.
Invoked RoslynAnalysisRunner static constructor.
RoslynAnalysisRunner will not be running.
RoslynAnalysisRunner has terminated.
Mono: successfully reloaded assembly
- Completed reload, in  0.761 seconds
Platform modules already initialized, skipping
Refreshing native plugins compatible for Editor in 0.40 ms, found 1 plugins.
Preloading 0 native plugins for Editor in 0.00 ms.
Unloading 1813 Unused Serialized files (Serialized files now loaded: 0)
System memory in use before: 90.6 MB.
System memory in use after: 90.6 MB.

Unloading 12 unused Assets to reduce memory usage. Loaded Objects now: 2499.
Total: 2.075700 ms (FindLiveObjects: 0.247200 ms CreateObjectMapping: 0.089700 ms MarkObjects: 1.639300 ms  DeleteObjects: 0.098600 ms)

========================================================================
Received Import Request.
  Time since last request: 79.548085 seconds.
  path: Assets/Scripts/EnemyAI.cs
  artifactKey: Guid(9d8b3271d1544d94ea0995e730829b39) Importer(815301076,1909f56bfc062723c751e8b465ee728b)
Start importing Assets/Scripts/EnemyAI.cs using Guid(9d8b3271d1544d94ea0995e730829b39) Importer(815301076,1909f56bfc062723c751e8b465ee728b)  -> (artifact id: '2388ea1037b6f13bba64adb18253b6b6') in 0.006339 seconds
  Import took 0.010693 seconds .

========================================================================
Received Prepare
Registering precompiled user dll's ...
Registered in 0.000946 seconds.
Begin MonoManager ReloadAssembly
Native extension for WindowsStandalone target not found
Refreshing native plugins compatible for Editor in 0.41 ms, found 1 plugins.
Preloading 0 native plugins for Editor in 0.00 ms.
Invoked RoslynAnalysisRunner static constructor.
RoslynAnalysisRunner will not be running.
RoslynAnalysisRunner has terminated.
Mono: successfully reloaded assembly
- Completed reload, in  0.736 seconds
Platform modules already initialized, skipping
Refreshing native plugins compatible for Editor in 0.43 ms, found 1 plugins.
Preloading 0 native plugins for Editor in 0.00 ms.
Unloading 1813 Unused Serialized files (Serialized files now loaded: 0)
System memory in use before: 90.6 MB.
System memory in use after: 90.6 MB.

Unloading 12 unused Assets to reduce memory usage. Loaded Objects now: 2503.
Total: 2.362300 ms (FindLiveObjects: 0.347400 ms CreateObjectMapping: 0.131800 ms MarkObjects: 1.769700 ms  DeleteObjects: 0.112300 ms)

========================================================================
Received Import Request.
  Time since last request: 257.660009 seconds.
  path: Assets/ScriptableObjects/TwoHitEnemyHealth.asset
  artifactKey: Guid(552ad7fb46c0f3248b6148fb527b0fb1) Importer(815301076,1909f56bfc062723c751e8b465ee728b)
Start importing Assets/ScriptableObjects/TwoHitEnemyHealth.asset using Guid(552ad7fb46c0f3248b6148fb527b0fb1) Importer(815301076,1909f56bfc062723c751e8b465ee728b)  -> (artifact id: 'ad202a134f3388c5ef81831f6a98ff13') in 0.010001 seconds
  Import took 0.013804 seconds .

========================================================================
Received Import Request.
  Time since last request: 0.000703 seconds.
  path: Assets/ScriptableObjects/TwoHitEnemyHealth.asset
  artifactKey: Guid(552ad7fb46c0f3248b6148fb527b0fb1) Importer(815301076,1909f56bfc062723c751e8b465ee728b)
Start importing Assets/ScriptableObjects/TwoHitEnemyHealth.asset using Guid(552ad7fb46c0f3248b6148fb527b0fb1) Importer(815301076,1909f56bfc062723c751e8b465ee728b)  -> (artifact id: 'ad202a134f3388c5ef81831f6a98ff13') in 0.003041 seconds
  Import took 0.005800 seconds .

========================================================================
Received Prepare
Registering precompiled user dll's ...
Registered in 0.000904 seconds.
Begin MonoManager ReloadAssembly
Native extension for WindowsStandalone target not found
Refreshing native plugins compatible for Editor in 0.41 ms, found 1 plugins.
Preloading 0 native plugins for Editor in 0.00 ms.
Invoked RoslynAnalysisRunner static constructor.
RoslynAnalysisRunner will not be running.
RoslynAnalysisRunner has terminated.
Mono: successfully reloaded assembly
- Completed reload, in  0.762 seconds
Platform modules already initialized, skipping
Refreshing native plugins compatible for Editor in 0.47 ms, found 1 plugins.
Preloading 0 native plugins for Editor in 0.00 ms.
Unloading 1813 Unused Serialized files (Serialized files now loaded: 0)
System memory in use before: 90.6 MB.
System memory in use after: 90.6 MB.

Unloading 12 unused Assets to reduce memory usage. Loaded Objects now: 2507.
Total: 5.138900 ms (FindLiveObjects: 0.692100 ms CreateObjectMapping: 0.307300 ms MarkObjects: 3.940200 ms  DeleteObjects: 0.196100 ms)

========================================================================
Received Prepare
Registering precompiled user dll's ...
Registered in 0.001048 seconds.
Begin MonoManager ReloadAssembly
Native extension for WindowsStandalone target not found
Refreshing native plugins compatible for Editor in 0.68 ms, found 1 plugins.
Preloading 0 native plugins for Editor in 0.00 ms.
Invoked RoslynAnalysisRunner static constructor.
RoslynAnalysisRunner will not be running.
RoslynAnalysisRunner has terminated.
Mono: successfully reloaded assembly
- Completed reload, in  0.810 seconds
Platform modules already initialized, skipping
Refreshing native plugins compatible for Editor in 0.42 ms, found 1 plugins.
Preloading 0 native plugins for Editor in 0.00 ms.
Unloading 1813 Unused Serialized files (Serialized files now loaded: 0)
System memory in use before: 90.6 MB.
System memory in use after: 90.6 MB.

Unloading 12 unused Assets to reduce memory usage. Loaded Objects now: 2511.
Total: 5.735100 ms (FindLiveObjects: 0.521100 ms CreateObjectMapping: 0.293600 ms MarkObjects: 4.637000 ms  DeleteObjects: 0.280700 ms)

========================================================================
Received Prepare
Registering precompiled user dll's ...
Registered in 0.000947 seconds.
Begin MonoManager ReloadAssembly
Native extension for WindowsStandalone target not found
Refreshing native plugins compatible for Editor in 0.42 ms, found 1 plugins.
Preloading 0 native plugins for Editor in 0.00 ms.
Invoked RoslynAnalysisRunner static constructor.
RoslynAnalysisRunner will not be running.
RoslynAnalysisRunner has terminated.
Mono: successfully reloaded assembly
- Completed reload, in  0.734 seconds
Platform modules already initialized, skipping
Refreshing native plugins compatible for Editor in 0.39 ms, found 1 plugins.
Preloading 0 native plugins for Editor in 0.00 ms.
Unloading 1813 Unused Serialized files (Serialized files now loaded: 0)
System memory in use before: 90.6 MB.
System memory in use after: 90.6 MB.

Unloading 12 unused Assets to reduce memory usage. Loaded Objects now: 2515.
Total: 1.899200 ms (FindLiveObjects: 0.194000 ms CreateObjectMapping: 0.077800 ms MarkObjects: 1.535900 ms  DeleteObjects: 0.090500 ms)

========================================================================
Received Prepare
Registering precompiled user dll's ...
Registered in 0.000859 seconds.
Begin MonoManager ReloadAssembly
Native extension for WindowsStandalone target not found
Refreshing native plugins compatible for Editor in 0.44 ms, found 1 plugins.
Preloading 0 native plugins for Editor in 0.00 ms.
Invoked RoslynAnalysisRunner static constructor.
RoslynAnalysisRunner will not be running.
RoslynAnalysisRunner has terminated.
Mono: successfully reloaded assembly
- Completed reload, in  0.773 seconds
Platform modules already initialized, skipping
Refreshing native plugins compatible for Editor in 0.43 ms, found 1 plugins.
Preloading 0 native plugins for Editor in 0.00 ms.
Unloading 1813 Unused Serialized files (Serialized files now loaded: 0)
System memory in use before: 90.6 MB.
System memory in use after: 90.6 MB.

Unloading 12 unused Assets to reduce memory usage. Loaded Objects now: 2519.
Total: 2.447000 ms (FindLiveObjects: 0.324400 ms CreateObjectMapping: 0.118300 ms MarkObjects: 1.879100 ms  DeleteObjects: 0.123000 ms)

========================================================================
Received Prepare
Registering precompiled user dll's ...
Registered in 0.000938 seconds.
Begin MonoManager ReloadAssembly
Native extension for WindowsStandalone target not found
Refreshing native plugins compatible for Editor in 0.43 ms, found 1 plugins.
Preloading 0 native plugins for Editor in 0.00 ms.
Invoked RoslynAnalysisRunner static constructor.
RoslynAnalysisRunner will not be running.
RoslynAnalysisRunner has terminated.
Mono: successfully reloaded assembly
- Completed reload, in  0.770 seconds
Platform modules already initialized, skipping
Refreshing native plugins compatible for Editor in 0.42 ms, found 1 plugins.
Preloading 0 native plugins for Editor in 0.00 ms.
Unloading 1813 Unused Serialized files (Serialized files now loaded: 0)
System memory in use before: 90.6 MB.
System memory in use after: 90.6 MB.

Unloading 12 unused Assets to reduce memory usage. Loaded Objects now: 2523.
Total: 5.717400 ms (FindLiveObjects: 0.632100 ms CreateObjectMapping: 0.315900 ms MarkObjects: 4.548400 ms  DeleteObjects: 0.218200 ms)

========================================================================
Received Prepare
Registering precompiled user dll's ...
Registered in 0.001001 seconds.
Begin MonoManager ReloadAssembly
Native extension for WindowsStandalone target not found
Refreshing native plugins compatible for Editor in 0.45 ms, found 1 plugins.
Preloading 0 native plugins for Editor in 0.00 ms.
Invoked RoslynAnalysisRunner static constructor.
RoslynAnalysisRunner will not be running.
RoslynAnalysisRunner has terminated.
Mono: successfully reloaded assembly
- Completed reload, in  0.733 seconds
Platform modules already initialized, skipping
Refreshing native plugins compatible for Editor in 0.47 ms, found 1 plugins.
Preloading 0 native plugins for Editor in 0.00 ms.
Unloading 1813 Unused Serialized files (Serialized files now loaded: 0)
System memory in use before: 90.7 MB.
System memory in use after: 90.6 MB.

Unloading 12 unused Assets to reduce memory usage. Loaded Objects now: 2527.
Total: 3.294700 ms (FindLiveObjects: 0.226800 ms CreateObjectMapping: 0.114100 ms MarkObjects: 2.837300 ms  DeleteObjects: 0.115300 ms)

========================================================================
Received Import Request.
  Time since last request: 965.847654 seconds.
  path: Assets/ScriptableObjects/TwoHitEnemyHealth.asset
  artifactKey: Guid(552ad7fb46c0f3248b6148fb527b0fb1) Importer(815301076,1909f56bfc062723c751e8b465ee728b)
Start importing Assets/ScriptableObjects/TwoHitEnemyHealth.asset using Guid(552ad7fb46c0f3248b6148fb527b0fb1) Importer(815301076,1909f56bfc062723c751e8b465ee728b)  -> (artifact id: '2e45bdf4db5ee120056b5efab7926742') in 0.009806 seconds
  Import took 0.012543 seconds .

========================================================================
Received Import Request.
  Time since last request: 0.027857 seconds.
  path: Assets/ScriptableObjects/TwoHitEnemyHealth.asset
  artifactKey: Guid(552ad7fb46c0f3248b6148fb527b0fb1) Importer(815301076,1909f56bfc062723c751e8b465ee728b)
Start importing Assets/ScriptableObjects/TwoHitEnemyHealth.asset using Guid(552ad7fb46c0f3248b6148fb527b0fb1) Importer(815301076,1909f56bfc062723c751e8b465ee728b)  -> (artifact id: '2e45bdf4db5ee120056b5efab7926742') in 0.002496 seconds
  Import took 0.005173 seconds .

========================================================================
Received Prepare
Registering precompiled user dll's ...
Registered in 0.001000 seconds.
Begin MonoManager ReloadAssembly
Native extension for WindowsStandalone target not found
Refreshing native plugins compatible for Editor in 0.41 ms, found 1 plugins.
Preloading 0 native plugins for Editor in 0.00 ms.
Invoked RoslynAnalysisRunner static constructor.
RoslynAnalysisRunner will not be running.
RoslynAnalysisRunner has terminated.
Mono: successfully reloaded assembly
- Completed reload, in  0.732 seconds
Platform modules already initialized, skipping
Refreshing native plugins compatible for Editor in 0.43 ms, found 1 plugins.
Preloading 0 native plugins for Editor in 0.00 ms.
Unloading 1813 Unused Serialized files (Serialized files now loaded: 0)
System memory in use before: 90.7 MB.
System memory in use after: 90.6 MB.

Unloading 12 unused Assets to reduce memory usage. Loaded Objects now: 2531.
Total: 2.368600 ms (FindLiveObjects: 0.220600 ms CreateObjectMapping: 0.098300 ms MarkObjects: 1.947600 ms  DeleteObjects: 0.101200 ms)

========================================================================
Received Prepare
Registering precompiled user dll's ...
Registered in 0.000920 seconds.
Begin MonoManager ReloadAssembly
Native extension for WindowsStandalone target not found
Refreshing native plugins compatible for Editor in 0.40 ms, found 1 plugins.
Preloading 0 native plugins for Editor in 0.00 ms.
Invoked RoslynAnalysisRunner static constructor.
RoslynAnalysisRunner will not be running.
RoslynAnalysisRunner has terminated.
Mono: successfully reloaded assembly
- Completed reload, in  0.733 seconds
Platform modules already initialized, skipping
Refreshing native plugins compatible for Editor in 0.41 ms, found 1 plugins.
Preloading 0 native plugins for Editor in 0.00 ms.
Unloading 1813 Unused Serialized files (Serialized files now loaded: 0)
System memory in use before: 90.7 MB.
System memory in use after: 90.7 MB.

Unloading 12 unused Assets to reduce memory usage. Loaded Objects now: 2535.
Total: 2.343000 ms (FindLiveObjects: 0.358800 ms CreateObjectMapping: 0.132500 ms MarkObjects: 1.748000 ms  DeleteObjects: 0.102500 ms)

========================================================================
Received Prepare
Registering precompiled user dll's ...
Registered in 0.001030 seconds.
Begin MonoManager ReloadAssembly
Native extension for WindowsStandalone target not found
Refreshing native plugins compatible for Editor in 0.48 ms, found 1 plugins.
Preloading 0 native plugins for Editor in 0.00 ms.
Invoked RoslynAnalysisRunner static constructor.
RoslynAnalysisRunner will not be running.
RoslynAnalysisRunner has terminated.
Mono: successfully reloaded assembly
- Completed reload, in  0.735 seconds
Platform modules already initialized, skipping
Refreshing native plugins compatible for Editor in 0.41 ms, found 1 plugins.
Preloading 0 native plugins for Editor in 0.00 ms.
Unloading 1813 Unused Serialized files (Serialized files now loaded: 0)
System memory in use before: 90.7 MB.
System memory in use after: 90.7 MB.

Unloading 12 unused Assets to reduce memory usage. Loaded Objects now: 2539.
Total: 2.182400 ms (FindLiveObjects: 0.250500 ms CreateObjectMapping: 0.082500 ms MarkObjects: 1.743100 ms  DeleteObjects: 0.105200 ms)

========================================================================
Received Prepare
Registering precompiled user dll's ...
Registered in 0.000833 seconds.
Begin MonoManager ReloadAssembly
Native extension for WindowsStandalone target not found
Refreshing native plugins compatible for Editor in 0.53 ms, found 1 plugins.
Preloading 0 native plugins for Editor in 0.00 ms.
Invoked RoslynAnalysisRunner static constructor.
RoslynAnalysisRunner will not be running.
RoslynAnalysisRunner has terminated.
Mono: successfully reloaded assembly
- Completed reload, in  0.787 seconds
Platform modules already initialized, skipping
Refreshing native plugins compatible for Editor in 0.46 ms, found 1 plugins.
Preloading 0 native plugins for Editor in 0.00 ms.
Unloading 1813 Unused Serialized files (Serialized files now loaded: 0)
System memory in use before: 90.7 MB.
System memory in use after: 90.7 MB.

Unloading 12 unused Assets to reduce memory usage. Loaded Objects now: 2543.
Total: 2.483400 ms (FindLiveObjects: 0.359000 ms CreateObjectMapping: 0.140700 ms MarkObjects: 1.878100 ms  DeleteObjects: 0.104600 ms)

========================================================================
Received Import Request.
  Time since last request: 4256.261491 seconds.
  path: Assets/Scripts/ScriptableObjects/Signal.cs
  artifactKey: Guid(d866bda718b3b894a94a2c9c8ff40873) Importer(815301076,1909f56bfc062723c751e8b465ee728b)
Start importing Assets/Scripts/ScriptableObjects/Signal.cs using Guid(d866bda718b3b894a94a2c9c8ff40873) Importer(815301076,1909f56bfc062723c751e8b465ee728b)  -> (artifact id: '3549d2e5ef9ceae35917349eab0079ba') in 0.027830 seconds
  Import took 0.054969 seconds .

========================================================================
Received Prepare
Registering precompiled user dll's ...
Registered in 0.001311 seconds.
Begin MonoManager ReloadAssembly
Native extension for WindowsStandalone target not found
Refreshing native plugins compatible for Editor in 0.44 ms, found 1 plugins.
Preloading 0 native plugins for Editor in 0.00 ms.
Invoked RoslynAnalysisRunner static constructor.
RoslynAnalysisRunner will not be running.
RoslynAnalysisRunner has terminated.
Mono: successfully reloaded assembly
- Completed reload, in  0.914 seconds
Platform modules already initialized, skipping
Refreshing native plugins compatible for Editor in 0.40 ms, found 1 plugins.
Preloading 0 native plugins for Editor in 0.00 ms.
Unloading 1814 Unused Serialized files (Serialized files now loaded: 0)
System memory in use before: 90.7 MB.
System memory in use after: 90.7 MB.

Unloading 12 unused Assets to reduce memory usage. Loaded Objects now: 2548.
Total: 2.151500 ms (FindLiveObjects: 0.240300 ms CreateObjectMapping: 0.100700 ms MarkObjects: 1.687300 ms  DeleteObjects: 0.122000 ms)

========================================================================
Received Import Request.
  Time since last request: 13.585288 seconds.
  path: Assets/Scripts/SignalListener.cs
  artifactKey: Guid(fbb4d4ebf8eb25849a36384f76365efd) Importer(815301076,1909f56bfc062723c751e8b465ee728b)
Start importing Assets/Scripts/SignalListener.cs using Guid(fbb4d4ebf8eb25849a36384f76365efd) Importer(815301076,1909f56bfc062723c751e8b465ee728b)  -> (artifact id: 'be706ce816851b325b46b05afa8806d4') in 0.012591 seconds
  Import took 0.017016 seconds .

========================================================================
Received Prepare
Registering precompiled user dll's ...
Registered in 0.001095 seconds.
Begin MonoManager ReloadAssembly
Native extension for WindowsStandalone target not found
Refreshing native plugins compatible for Editor in 0.54 ms, found 1 plugins.
Preloading 0 native plugins for Editor in 0.00 ms.
Invoked RoslynAnalysisRunner static constructor.
RoslynAnalysisRunner will not be running.
RoslynAnalysisRunner has terminated.
Mono: successfully reloaded assembly
- Completed reload, in  1.052 seconds
Platform modules already initialized, skipping
Refreshing native plugins compatible for Editor in 0.45 ms, found 1 plugins.
Preloading 0 native plugins for Editor in 0.00 ms.
Unloading 1815 Unused Serialized files (Serialized files now loaded: 0)
System memory in use before: 90.8 MB.
System memory in use after: 90.7 MB.

Unloading 12 unused Assets to reduce memory usage. Loaded Objects now: 2553.
Total: 2.479200 ms (FindLiveObjects: 0.271300 ms CreateObjectMapping: 0.093700 ms MarkObjects: 2.004200 ms  DeleteObjects: 0.108400 ms)

========================================================================
Received Prepare
Registering precompiled user dll's ...
Registered in 0.000982 seconds.
Begin MonoManager ReloadAssembly
Native extension for WindowsStandalone target not found
Refreshing native plugins compatible for Editor in 0.42 ms, found 1 plugins.
Preloading 0 native plugins for Editor in 0.00 ms.
Invoked RoslynAnalysisRunner static constructor.
RoslynAnalysisRunner will not be running.
RoslynAnalysisRunner has terminated.
Mono: successfully reloaded assembly
- Completed reload, in  0.826 seconds
Platform modules already initialized, skipping
Refreshing native plugins compatible for Editor in 0.55 ms, found 1 plugins.
Preloading 0 native plugins for Editor in 0.00 ms.
Unloading 1815 Unused Serialized files (Serialized files now loaded: 0)
System memory in use before: 90.8 MB.
System memory in use after: 90.7 MB.

Unloading 12 unused Assets to reduce memory usage. Loaded Objects now: 2557.
Total: 2.497900 ms (FindLiveObjects: 0.243700 ms CreateObjectMapping: 0.112500 ms MarkObjects: 2.025600 ms  DeleteObjects: 0.114900 ms)

========================================================================
Received Import Request.
  Time since last request: 1961.995949 seconds.
  path: Assets/Scripts/SignalListener.cs
  artifactKey: Guid(fbb4d4ebf8eb25849a36384f76365efd) Importer(815301076,1909f56bfc062723c751e8b465ee728b)
Start importing Assets/Scripts/SignalListener.cs using Guid(fbb4d4ebf8eb25849a36384f76365efd) Importer(815301076,1909f56bfc062723c751e8b465ee728b)  -> (artifact id: '14c89deed1772ba923e3cf7fb8aa7595') in 0.006813 seconds
  Import took 0.009949 seconds .

========================================================================
Received Import Request.
  Time since last request: 255.417110 seconds.
  path: Assets/ScriptableObjects/New Signal.signal
  artifactKey: Guid(1d1cf0d29b7df024cb5857484e7a27ad) Importer(815301076,1909f56bfc062723c751e8b465ee728b)
Start importing Assets/ScriptableObjects/New Signal.signal using Guid(1d1cf0d29b7df024cb5857484e7a27ad) Importer(815301076,1909f56bfc062723c751e8b465ee728b)  -> (artifact id: 'cd2f889272c0a0f93973c220eb69dce3') in 0.020736 seconds
  Import took 0.024662 seconds .

========================================================================
Received Import Request.
  Time since last request: 29.616484 seconds.
  path: Assets/ScriptableObjects/HealthSignal.signal
  artifactKey: Guid(318f06d5fcfce894e937a295fa527806) Importer(815301076,1909f56bfc062723c751e8b465ee728b)
Start importing Assets/ScriptableObjects/HealthSignal.signal using Guid(318f06d5fcfce894e937a295fa527806) Importer(815301076,1909f56bfc062723c751e8b465ee728b)  -> (artifact id: '2ee29894d4deede582d0ce403dc37105') in 0.006930 seconds
  Import took 0.009784 seconds .

========================================================================
Received Import Request.
  Time since last request: 673.452690 seconds.
  path: Assets/Scripts/ScriptableObjects/Signal.cs
  artifactKey: Guid(d866bda718b3b894a94a2c9c8ff40873) Importer(815301076,1909f56bfc062723c751e8b465ee728b)
Start importing Assets/Scripts/ScriptableObjects/Signal.cs using Guid(d866bda718b3b894a94a2c9c8ff40873) Importer(815301076,1909f56bfc062723c751e8b465ee728b)  -> (artifact id: '21d71fe9bda2ba9a455d40b6e2d4c425') in 3.592194 seconds
  Import took 3.607604 seconds .

========================================================================
Received Import Request.
  Time since last request: 13.005409 seconds.
  path: Assets/Scripts/ScriptableObjects/Signals.cs
  artifactKey: Guid(d866bda718b3b894a94a2c9c8ff40873) Importer(815301076,1909f56bfc062723c751e8b465ee728b)
Start importing Assets/Scripts/ScriptableObjects/Signals.cs using Guid(d866bda718b3b894a94a2c9c8ff40873) Importer(815301076,1909f56bfc062723c751e8b465ee728b)  -> (artifact id: 'a2764cf9ed873abbde7d3115d955b328') in 0.009775 seconds
  Import took 0.013154 seconds .

========================================================================
Received Prepare
Registering precompiled user dll's ...
Registered in 0.000976 seconds.
Begin MonoManager ReloadAssembly
Native extension for WindowsStandalone target not found
Refreshing native plugins compatible for Editor in 0.59 ms, found 1 plugins.
Preloading 0 native plugins for Editor in 0.00 ms.
Invoked RoslynAnalysisRunner static constructor.
RoslynAnalysisRunner will not be running.
RoslynAnalysisRunner has terminated.
Mono: successfully reloaded assembly
- Completed reload, in  0.825 seconds
Platform modules already initialized, skipping
Refreshing native plugins compatible for Editor in 0.41 ms, found 1 plugins.
Preloading 0 native plugins for Editor in 0.00 ms.
Unloading 1815 Unused Serialized files (Serialized files now loaded: 0)
System memory in use before: 90.8 MB.
System memory in use after: 90.8 MB.

Unloading 12 unused Assets to reduce memory usage. Loaded Objects now: 2561.
Total: 1.978600 ms (FindLiveObjects: 0.191500 ms CreateObjectMapping: 0.081000 ms MarkObjects: 1.600800 ms  DeleteObjects: 0.104500 ms)

========================================================================
Received Prepare
Registering precompiled user dll's ...
Registered in 0.001298 seconds.
Begin MonoManager ReloadAssembly
Native extension for WindowsStandalone target not found
Refreshing native plugins compatible for Editor in 0.58 ms, found 1 plugins.
Preloading 0 native plugins for Editor in 0.00 ms.
Invoked RoslynAnalysisRunner static constructor.
RoslynAnalysisRunner will not be running.
RoslynAnalysisRunner has terminated.
Mono: successfully reloaded assembly
- Completed reload, in  1.251 seconds
Platform modules already initialized, skipping
Refreshing native plugins compatible for Editor in 0.43 ms, found 1 plugins.
Preloading 0 native plugins for Editor in 0.00 ms.
Unloading 1815 Unused Serialized files (Serialized files now loaded: 0)
System memory in use before: 90.8 MB.
System memory in use after: 90.8 MB.

Unloading 12 unused Assets to reduce memory usage. Loaded Objects now: 2565.
Total: 2.424400 ms (FindLiveObjects: 0.389900 ms CreateObjectMapping: 0.157400 ms MarkObjects: 1.757000 ms  DeleteObjects: 0.119200 ms)

========================================================================
Received Import Request.
  Time since last request: 107.540321 seconds.
  path: Assets/ScriptableObjects/HealthSignal.asset
  artifactKey: Guid(6281b94c1f768e247ba54ba3d063f824) Importer(815301076,1909f56bfc062723c751e8b465ee728b)
Start importing Assets/ScriptableObjects/HealthSignal.asset using Guid(6281b94c1f768e247ba54ba3d063f824) Importer(815301076,1909f56bfc062723c751e8b465ee728b)  -> (artifact id: '4c5d1747999c39a9016871051c96f1e1') in 0.015492 seconds
  Import took 0.019197 seconds .

========================================================================
Received Import Request.
  Time since last request: 253.789895 seconds.
  path: Packages/com.unity.2d.animation/Editor/Assets/SkinningModule/Icons/Light/Bone.png
  artifactKey: Guid(62ce01ddca719d34ea9648c586a7cc94) Importer(815301076,1909f56bfc062723c751e8b465ee728b)
Start importing Packages/com.unity.2d.animation/Editor/Assets/SkinningModule/Icons/Light/Bone.png using Guid(62ce01ddca719d34ea9648c586a7cc94) Importer(815301076,1909f56bfc062723c751e8b465ee728b)  -> (artifact id: '5d91e223414a082e0653633549212c2a') in 0.058743 seconds
  Import took 0.063549 seconds .

========================================================================
Received Import Request.
  Time since last request: 0.000231 seconds.
  path: Packages/com.unity.2d.animation/Editor/Assets/SkinningModule/Icons/Light/Bone@3x.png
  artifactKey: Guid(76beef9fdae7b48468ddf07d0400a374) Importer(815301076,1909f56bfc062723c751e8b465ee728b)
Start importing Packages/com.unity.2d.animation/Editor/Assets/SkinningModule/Icons/Light/Bone@3x.png using Guid(76beef9fdae7b48468ddf07d0400a374) Importer(815301076,1909f56bfc062723c751e8b465ee728b)  -> (artifact id: 'ef3a411d804d7613b3daaee91cbbcb21') in 0.019621 seconds
  Import took 0.022955 seconds .

========================================================================
Received Import Request.
  Time since last request: 0.000233 seconds.
  path: Packages/com.unity.2d.animation/Editor/Assets/SkinningModule/Icons/Light/Bone@2x.png
  artifactKey: Guid(d6a44ab95b0def041a7929981a2c23a1) Importer(815301076,1909f56bfc062723c751e8b465ee728b)
Start importing Packages/com.unity.2d.animation/Editor/Assets/SkinningModule/Icons/Light/Bone@2x.png using Guid(d6a44ab95b0def041a7929981a2c23a1) Importer(815301076,1909f56bfc062723c751e8b465ee728b)  -> (artifact id: '07e707407267006ce123127d7626abdd') in 0.018946 seconds
  Import took 0.023005 seconds .

========================================================================
Received Import Request.
  Time since last request: 0.008315 seconds.
  path: Packages/com.unity.2d.animation/Editor/Assets/SkinningModule/Icons/Light/Bone@2x.png
  artifactKey: Guid(d6a44ab95b0def041a7929981a2c23a1) Importer(815301076,1909f56bfc062723c751e8b465ee728b)
Start importing Packages/com.unity.2d.animation/Editor/Assets/SkinningModule/Icons/Light/Bone@2x.png using Guid(d6a44ab95b0def041a7929981a2c23a1) Importer(815301076,1909f56bfc062723c751e8b465ee728b)  -> (artifact id: '07e707407267006ce123127d7626abdd') in 0.007259 seconds
  Import took 0.010136 seconds .

========================================================================
Received Prepare
Registering precompiled user dll's ...
Registered in 0.001036 seconds.
Begin MonoManager ReloadAssembly
Native extension for WindowsStandalone target not found
Refreshing native plugins compatible for Editor in 0.45 ms, found 1 plugins.
Preloading 0 native plugins for Editor in 0.00 ms.
Invoked RoslynAnalysisRunner static constructor.
RoslynAnalysisRunner will not be running.
RoslynAnalysisRunner has terminated.
Mono: successfully reloaded assembly
- Completed reload, in  0.780 seconds
Platform modules already initialized, skipping
Refreshing native plugins compatible for Editor in 0.44 ms, found 1 plugins.
Preloading 0 native plugins for Editor in 0.00 ms.
Unloading 1815 Unused Serialized files (Serialized files now loaded: 0)
System memory in use before: 90.9 MB.
System memory in use after: 90.9 MB.

Unloading 12 unused Assets to reduce memory usage. Loaded Objects now: 2572.
Total: 2.945400 ms (FindLiveObjects: 0.350900 ms CreateObjectMapping: 0.107100 ms MarkObjects: 2.373000 ms  DeleteObjects: 0.112600 ms)

========================================================================
Received Import Request.
  Time since last request: 648.441160 seconds.
  path: Assets/ScriptableObjects/PlayerHealth.asset
  artifactKey: Guid(ba757d3fe2dd66e4989f6071d1b258d3) Importer(815301076,1909f56bfc062723c751e8b465ee728b)
Start importing Assets/ScriptableObjects/PlayerHealth.asset using Guid(ba757d3fe2dd66e4989f6071d1b258d3) Importer(815301076,1909f56bfc062723c751e8b465ee728b)  -> (artifact id: '21f2ca5c9be54ecfd86eb3b5f2317a3f') in 0.020565 seconds
  Import took 0.024191 seconds .

========================================================================
Received Import Request.
  Time since last request: 8.017976 seconds.
  path: Assets/ScriptableObjects/HeartContainers.asset
  artifactKey: Guid(39f4002663c0eaa4ebfee03833060a30) Importer(815301076,1909f56bfc062723c751e8b465ee728b)
Start importing Assets/ScriptableObjects/HeartContainers.asset using Guid(39f4002663c0eaa4ebfee03833060a30) Importer(815301076,1909f56bfc062723c751e8b465ee728b)  -> (artifact id: '55a38a9cb51c21cb47f99782c45b344d') in 0.007239 seconds
  Import took 0.011465 seconds .

========================================================================
Received Prepare
Registering precompiled user dll's ...
Registered in 0.038743 seconds.
Begin MonoManager ReloadAssembly
Native extension for WindowsStandalone target not found
Refreshing native plugins compatible for Editor in 0.67 ms, found 1 plugins.
Preloading 0 native plugins for Editor in 0.00 ms.
Invoked RoslynAnalysisRunner static constructor.
RoslynAnalysisRunner will not be running.
RoslynAnalysisRunner has terminated.
Mono: successfully reloaded assembly
- Completed reload, in  0.776 seconds
Platform modules already initialized, skipping
Refreshing native plugins compatible for Editor in 0.45 ms, found 1 plugins.
Preloading 0 native plugins for Editor in 0.00 ms.
Unloading 1815 Unused Serialized files (Serialized files now loaded: 0)
System memory in use before: 90.8 MB.
System memory in use after: 90.8 MB.

Unloading 12 unused Assets to reduce memory usage. Loaded Objects now: 2576.
Total: 2.189900 ms (FindLiveObjects: 0.248900 ms CreateObjectMapping: 0.084100 ms MarkObjects: 1.747700 ms  DeleteObjects: 0.107900 ms)

========================================================================
Received Prepare
Registering precompiled user dll's ...
Registered in 0.000992 seconds.
Begin MonoManager ReloadAssembly
Native extension for WindowsStandalone target not found
Refreshing native plugins compatible for Editor in 0.40 ms, found 1 plugins.
Preloading 0 native plugins for Editor in 0.00 ms.
Invoked RoslynAnalysisRunner static constructor.
RoslynAnalysisRunner will not be running.
RoslynAnalysisRunner has terminated.
Mono: successfully reloaded assembly
- Completed reload, in  0.763 seconds
Platform modules already initialized, skipping
Refreshing native plugins compatible for Editor in 0.41 ms, found 1 plugins.
Preloading 0 native plugins for Editor in 0.00 ms.
Unloading 1815 Unused Serialized files (Serialized files now loaded: 0)
System memory in use before: 90.8 MB.
System memory in use after: 90.8 MB.

Unloading 12 unused Assets to reduce memory usage. Loaded Objects now: 2580.
Total: 2.511600 ms (FindLiveObjects: 0.270500 ms CreateObjectMapping: 0.058500 ms MarkObjects: 2.071900 ms  DeleteObjects: 0.109200 ms)

========================================================================
Received Import Request.
  Time since last request: 734.151112 seconds.
  path: Assets/ScriptableObjects/PlayerHealth.asset
  artifactKey: Guid(ba757d3fe2dd66e4989f6071d1b258d3) Importer(815301076,1909f56bfc062723c751e8b465ee728b)
Start importing Assets/ScriptableObjects/PlayerHealth.asset using Guid(ba757d3fe2dd66e4989f6071d1b258d3) Importer(815301076,1909f56bfc062723c751e8b465ee728b)  -> (artifact id: 'cf8f2c378198efb8777c718ceb3a2400') in 0.014928 seconds
  Import took 0.018154 seconds .

========================================================================
Received Import Request.
  Time since last request: 94.704546 seconds.
  path: Assets/Scripts/HeartManager.cs
  artifactKey: Guid(30e73a08136e85f439ea374f5951d57a) Importer(815301076,1909f56bfc062723c751e8b465ee728b)
Start importing Assets/Scripts/HeartManager.cs using Guid(30e73a08136e85f439ea374f5951d57a) Importer(815301076,1909f56bfc062723c751e8b465ee728b)  -> (artifact id: '7a65dd0c37a9ef962eeabd04e4a9a017') in 0.007763 seconds
  Import took 0.011566 seconds .

========================================================================
Received Prepare
Registering precompiled user dll's ...
Registered in 0.001486 seconds.
Begin MonoManager ReloadAssembly
Native extension for WindowsStandalone target not found
Refreshing native plugins compatible for Editor in 0.57 ms, found 1 plugins.
Preloading 0 native plugins for Editor in 0.00 ms.
Invoked RoslynAnalysisRunner static constructor.
RoslynAnalysisRunner will not be running.
RoslynAnalysisRunner has terminated.
Mono: successfully reloaded assembly
- Completed reload, in  1.091 seconds
Platform modules already initialized, skipping
Refreshing native plugins compatible for Editor in 0.40 ms, found 1 plugins.
Preloading 0 native plugins for Editor in 0.00 ms.
Unloading 1816 Unused Serialized files (Serialized files now loaded: 0)
System memory in use before: 90.8 MB.
System memory in use after: 90.8 MB.

Unloading 12 unused Assets to reduce memory usage. Loaded Objects now: 2585.
Total: 2.172600 ms (FindLiveObjects: 0.402900 ms CreateObjectMapping: 0.067500 ms MarkObjects: 1.547700 ms  DeleteObjects: 0.152800 ms)

========================================================================
Received Prepare
Registering precompiled user dll's ...
Registered in 0.001009 seconds.
Begin MonoManager ReloadAssembly
Native extension for WindowsStandalone target not found
Refreshing native plugins compatible for Editor in 0.40 ms, found 1 plugins.
Preloading 0 native plugins for Editor in 0.00 ms.
Invoked RoslynAnalysisRunner static constructor.
RoslynAnalysisRunner will not be running.
RoslynAnalysisRunner has terminated.
Mono: successfully reloaded assembly
- Completed reload, in  0.747 seconds
Platform modules already initialized, skipping
Refreshing native plugins compatible for Editor in 0.46 ms, found 1 plugins.
Preloading 0 native plugins for Editor in 0.00 ms.
Unloading 1816 Unused Serialized files (Serialized files now loaded: 0)
System memory in use before: 90.9 MB.
System memory in use after: 90.8 MB.

Unloading 12 unused Assets to reduce memory usage. Loaded Objects now: 2589.
Total: 2.152800 ms (FindLiveObjects: 0.284700 ms CreateObjectMapping: 0.086000 ms MarkObjects: 1.684300 ms  DeleteObjects: 0.096700 ms)

========================================================================
Received Import Request.
  Time since last request: 10940.423236 seconds.
  path: Assets/Scripts/HeartManager.cs
  artifactKey: Guid(30e73a08136e85f439ea374f5951d57a) Importer(815301076,1909f56bfc062723c751e8b465ee728b)
Start importing Assets/Scripts/HeartManager.cs using Guid(30e73a08136e85f439ea374f5951d57a) Importer(815301076,1909f56bfc062723c751e8b465ee728b)  -> (artifact id: 'cea19b7fd8d1a0745bbcf9ab59b8e616') in 0.006394 seconds
  Import took 0.010649 seconds .

AssetImportWorkerClient::OnTransportError - code=2 error=End of file
